<?xml version="1.0" encoding="utf-8"?><testsuites name="pytest tests"><testsuite name="pytest" errors="0" failures="0" skipped="6" tests="555" time="4.872" timestamp="2026-03-04T18:13:58.787548+01:00" hostname="LAPTOP-CHFG3UNS"><testcase classname="tests.unit.atoms.test_agent_atom.TestAgentAtomContextStorage" name="test_t4_1_01_context_overflow_blob_promotion" time="0.028" /><testcase classname="tests.unit.atoms.test_agent_atom.TestAgentAtomContextStorage" name="test_t4_1_02_resumption_from_blob_pointer" time="0.006" /><testcase classname="tests.unit.atoms.test_agent_atom.TestAgentAtomContextStorage" name="test_t4_1_03_blob_io_failure_disk_full" time="0.005" /><testcase classname="tests.unit.atoms.test_agent_atom.TestAgentAtomContextStorage" name="test_t4_1_04_context_hydration_altered_schema" time="0.004" /><testcase classname="tests.unit.atoms.test_agent_atom.TestAgentAtomReActLoop" name="test_t4_2_01_mid_loop_hard_crash_recovery" time="0.004" /><testcase classname="tests.unit.atoms.test_agent_atom.TestAgentAtomReActLoop" name="test_t4_2_02_sub_run_id_normalization" time="0.001" /><testcase classname="tests.unit.atoms.test_agent_atom.TestAgentAtomReActLoop" name="test_t4_2_03_context_truncation_on_resume" time="0.004" /><testcase classname="tests.unit.atoms.test_agent_atom.TestAgentAtomReActLoop" name="test_t4_2_04_sub_run_id_loop_count_drift" time="0.003" /><testcase classname="tests.unit.atoms.test_agent_atom.TestAgentAtomIronWall" name="test_t4_3_01_hallucinated_subflow_dispatch_rejection" time="0.005" /><testcase classname="tests.unit.atoms.test_agent_atom.TestAgentAtomIronWall" name="test_t4_3_02_valid_json_invalid_output_schema" time="0.005" /><testcase classname="tests.unit.atoms.test_concurrency.TestConcurrentCheckThenAct" name="test_t3_01_sequential_lock_success" time="0.001" /><testcase classname="tests.unit.atoms.test_concurrency.TestLockStealing" name="test_t3_02_pessimistic_lock_stealing_dead_node" time="0.151" /><testcase classname="tests.unit.atoms.test_concurrency.TestLockStealing" name="test_t3_05_lock_release_failure_on_crash" time="0.151" /><testcase classname="tests.unit.atoms.test_concurrency.TestLockStealing" name="test_t3_10_lock_abandonment_via_oom" time="0.151" /><testcase classname="tests.unit.atoms.test_concurrency.TestLockReentrancy" name="test_t3_03_reentrant_lock_via_root_uuid" time="0.001" /><testcase classname="tests.unit.atoms.test_concurrency.TestThunderingHerd" name="test_t3_04_thundering_herd_one_winner" time="0.027" /><testcase classname="tests.unit.atoms.test_concurrency.TestLockEdgeCases" name="test_t3_06_ntp_skew_rejected" time="0.001" /><testcase classname="tests.unit.atoms.test_concurrency.TestLockEdgeCases" name="test_t3_07_phantom_lock_deletion" time="0.001" /><testcase classname="tests.unit.atoms.test_concurrency.TestLockEdgeCases" name="test_t3_08_deadlock_via_cyclic_lock_detection" time="0.001" /><testcase classname="tests.unit.atoms.test_concurrency.TestLockEdgeCases" name="test_t3_09_stale_webhook_deduplication" time="0.001" /><testcase classname="tests.unit.atoms.test_concurrency.TestLockEdgeCases" name="test_t3_11_lock_acquisition_vs_step_timeout" time="0.181" /><testcase classname="tests.unit.atoms.test_concurrency.TestLockEdgeCases" name="test_t3_12_concurrent_wal_serialized_writes" time="0.003" /><testcase classname="tests.unit.atoms.test_concurrency.TestLockEdgeCases" name="test_t3_13_shared_file_descriptor_contention" time="0.015" /><testcase classname="tests.unit.atoms.test_data_contracts.TestContextImmutability" name="test_t6_01_context_immutability_mapping_proxy" time="0.001" /><testcase classname="tests.unit.atoms.test_data_contracts.TestContextImmutability" name="test_t6_01_context_immutability_del_blocked" time="0.001" /><testcase classname="tests.unit.atoms.test_data_contracts.TestReturnTypeSafety" name="test_t6_02_invalid_return_type_true" time="0.001" /><testcase classname="tests.unit.atoms.test_data_contracts.TestReturnTypeSafety" name="test_t6_02_invalid_return_type_string" time="0.001" /><testcase classname="tests.unit.atoms.test_data_contracts.TestReturnTypeSafety" name="test_t6_02_invalid_return_type_none" time="0.001" /><testcase classname="tests.unit.atoms.test_data_contracts.TestSerializationBarriers" name="test_t6_03_set_in_exports" time="0.001" /><testcase classname="tests.unit.atoms.test_data_contracts.TestSerializationBarriers" name="test_t6_03_file_handle_in_exports" time="0.001" /><testcase classname="tests.unit.atoms.test_data_contracts.TestSerializationBarriers" name="test_t6_06_nan_injection" time="0.001" /><testcase classname="tests.unit.atoms.test_data_contracts.TestSerializationBarriers" name="test_t6_06_infinity_injection" time="0.001" /><testcase classname="tests.unit.atoms.test_data_contracts.TestSerializationBarriers" name="test_t6_06_negative_infinity_injection" time="0.001" /><testcase classname="tests.unit.atoms.test_data_contracts.TestSerializationBarriers" name="test_t6_07_deeply_nested_json" time="0.001" /><testcase classname="tests.unit.atoms.test_data_contracts.TestCyclicAndPoisonPill" name="test_t6_05_cyclic_context_detection" time="0.001" /><testcase classname="tests.unit.atoms.test_data_contracts.TestCyclicAndPoisonPill" name="test_t6_04_administrative_context_fix" time="0.001" /><testcase classname="tests.unit.atoms.test_data_contracts.TestStringDefenses" name="test_t6_08_null_byte_sanitization" time="0.001" /><testcase classname="tests.unit.atoms.test_data_contracts.TestStringDefenses" name="test_t6_08_terminal_escape_code_sanitization" time="0.001" /><testcase classname="tests.unit.atoms.test_data_contracts.TestSchemaValidation" name="test_t6_09_invalid_atom_schema_declaration" time="0.001" /><testcase classname="tests.unit.atoms.test_data_contracts.TestSchemaValidation" name="test_t6_10_unhashable_custom_object_injection" time="0.001" /><testcase classname="tests.unit.atoms.test_data_contracts.TestSchemaValidation" name="test_t6_11_dict_key_type_coercion" time="0.001" /><testcase classname="tests.unit.atoms.test_data_contracts.TestSchemaValidation" name="test_t6_12_dunder_key_poisoning" time="0.001" /><testcase classname="tests.unit.atoms.test_data_contracts.TestSchemaValidation" name="test_t6_13_reserved_key_collision" time="0.001" /><testcase classname="tests.unit.atoms.test_data_contracts.TestSchemaValidation" name="test_t6_13_reserved_run_id_collision" time="0.001" /><testcase classname="tests.unit.atoms.test_data_contracts.TestSchemaValidation" name="test_t6_14_tuple_list_rehydration_failure" time="0.001" /><testcase classname="tests.unit.atoms.test_data_contracts.TestSchemaValidation" name="test_t6_15_mro_injection_defense" time="0.001" /><testcase classname="tests.unit.atoms.test_foundation.TestHashDeterminism" name="test_t2_01_run_id_hash_determinism" time="0.001" /><testcase classname="tests.unit.atoms.test_foundation.TestHashDeterminism" name="test_t2_02_cross_flow_collision_defense" time="0.001" /><testcase classname="tests.unit.atoms.test_foundation.TestHashDeterminism" name="test_t2_08_timestamp_drift_excluded" time="0.001" /><testcase classname="tests.unit.atoms.test_foundation.TestHashDeterminism" name="test_t2_09_zero_byte_config_hashing" time="0.001" /><testcase classname="tests.unit.atoms.test_foundation.TestHashDeterminism" name="test_t2_10_massive_dag_node_id" time="0.001" /><testcase classname="tests.unit.atoms.test_foundation.TestHashDeterminism" name="test_t2_15_non_ascii_hash_differentiation" time="0.001" /><testcase classname="tests.unit.atoms.test_foundation.TestHashDeterminism" name="test_t2_17_floating_point_precision" time="0.001" /><testcase classname="tests.unit.atoms.test_foundation.TestHashDeterminism" name="test_t2_17_non_integer_float_preserved" time="0.001" /><testcase classname="tests.unit.atoms.test_foundation.TestHashDeterminism" name="test_t2_18_zero_width_character_stripping" time="0.001" /><testcase classname="tests.unit.atoms.test_foundation.TestHashDeterminism" name="test_t2_18_multiple_zero_width_chars" time="0.001" /><testcase classname="tests.unit.atoms.test_foundation.TestStateReconciliation" name="test_t2_03_state_reconciliation_skip_on_existing" time="0.001" /><testcase classname="tests.unit.atoms.test_foundation.TestStateReconciliation" name="test_t2_04_version_hash_collision_code_drift" time="0.001" /><testcase classname="tests.unit.atoms.test_foundation.TestStateReconciliation" name="test_t2_05_db_backed_dag_crash_recovery" time="0.000" /><testcase classname="tests.unit.atoms.test_foundation.TestStateReconciliation" name="test_t2_06_at_least_once_traceability" time="0.001" /><testcase classname="tests.unit.atoms.test_foundation.TestStateReconciliation" name="test_t2_07_idempotency_key_reuse_rejection" time="0.001" /><testcase classname="tests.unit.atoms.test_foundation.TestStatePersistenceEdgeCases" name="test_t2_11_state_db_network_partition" time="0.001" /><testcase classname="tests.unit.atoms.test_foundation.TestStatePersistenceEdgeCases" name="test_t2_12_phantom_resume_deleted_state" time="0.001" /><testcase classname="tests.unit.atoms.test_foundation.TestStatePersistenceEdgeCases" name="test_t2_13_dirty_state_zero_byte_file" time="0.001" /><testcase classname="tests.unit.atoms.test_foundation.TestStatePersistenceEdgeCases" name="test_t2_14_wal_corruption_bit_flip" time="0.001" /><testcase classname="tests.unit.atoms.test_foundation.TestStatePersistenceEdgeCases" name="test_t2_16_ntp_clock_leap_during_backoff" time="0.001" /><testcase classname="tests.unit.domain.test_domain_ops" name="test_t4_01_find_task" time="0.001" /><testcase classname="tests.unit.domain.test_domain_ops" name="test_t4_02_add_task_simple" time="0.001" /><testcase classname="tests.unit.domain.test_domain_ops" name="test_t4_03_update_task" time="0.001" /><testcase classname="tests.unit.domain.test_domain_ops" name="test_t4_04_update_guard" time="0.001" /><testcase classname="tests.unit.domain.test_domain_ops" name="test_t4_05_remove_task" time="0.001" /><testcase classname="tests.unit.domain.test_domain_ops" name="test_t4_06_add_sibling_start" time="0.001" /><testcase classname="tests.unit.domain.test_domain_ops" name="test_t4_08_add_subtask_mid" time="0.001" /><testcase classname="tests.unit.domain.test_domain_ops" name="test_t4_10_insert_between_specific" time="0.001" /><testcase classname="tests.unit.domain.test_domain_ops" name="test_t4_11_sibling_conflict" time="0.001" /><testcase classname="tests.unit.domain.test_domain_ops" name="test_t4_12_parent_conflict" time="0.001" /><testcase classname="tests.unit.domain.test_domain_ops" name="test_t4_13_active_injection_check" time="0.001" /><testcase classname="tests.unit.domain.test_domain_ops" name="test_t4_14_reopen_flow" time="0.001" /><testcase classname="tests.unit.domain.test_domain_ops" name="test_t4_15_id_invalidation" time="0.001" /><testcase classname="tests.unit.domain.test_domain_ops" name="test_t4_16_duplicate_name_prevention" time="0.001" /><testcase classname="tests.unit.domain.test_domain_ops" name="test_t4_06_add_sibling_default" time="0.001" /><testcase classname="tests.unit.domain.test_domain_ops" name="test_t4_09_find_active_op" time="0.002" /><testcase classname="tests.unit.domain.test_domain_ops" name="test_t4_18_cycle_detection" time="0.001" /><testcase classname="tests.unit.domain.test_domain_ops" name="test_t4_19_deep_state_check" time="0.001" /><testcase classname="tests.unit.domain.test_domain_policy" name="test_t5_01_activation_bubble" time="0.001" /><testcase classname="tests.unit.domain.test_domain_policy" name="test_t5_02_completion_bubble" time="0.001" /><testcase classname="tests.unit.domain.test_domain_policy" name="test_t5_03_deep_completion_bubble" time="0.002" /><testcase classname="tests.unit.domain.test_domain_policy" name="test_t5_04_deep_activation_bubble" time="0.001" /><testcase classname="tests.unit.domain.test_integrity" name="test_t1_13_tamper_detection" time="0.016" /><testcase classname="tests.unit.domain.test_integrity" name="test_t1_14_integrity_accept" time="0.027" /><testcase classname="tests.unit.domain.test_integrity" name="test_t1_15_integrity_decline" time="0.030" /><testcase classname="tests.unit.domain.test_parser_read" name="test_t1_01_standard_load" time="0.005" /><testcase classname="tests.unit.domain.test_parser_read" name="test_t1_02_fractal_link_parsed" time="0.007" /><testcase classname="tests.unit.domain.test_parser_read" name="test_t1_03_missing_file" time="0.003" /><testcase classname="tests.unit.domain.test_parser_read" name="test_t1_04_deep_nesting" time="0.007" /><testcase classname="tests.unit.domain.test_parser_read" name="test_t1_05_mixed_markers" time="0.005" /><testcase classname="tests.unit.domain.test_parser_read" name="test_t1_06_find_cursor" time="0.006" /><testcase classname="tests.unit.domain.test_parser_read" name="test_t1_07_quoted_path" time="0.006" /><testcase classname="tests.unit.domain.test_parser_read" name="test_t1_08_anchor_assumption" time="0.007" /><testcase classname="tests.unit.domain.test_parser_read" name="test_t1_09_duplicate_header" time="0.007" /><testcase classname="tests.unit.domain.test_parser_read" name="test_t1_10_empty_file" time="0.004" /><testcase classname="tests.unit.domain.test_parser_read" name="test_t1_11_smart_resume" time="0.008" /><testcase classname="tests.unit.domain.test_parser_read" name="test_t1_12_virtual_numbering" time="0.005" /><testcase classname="tests.unit.domain.test_parser_read" name="test_t2_01_indent_error_1sp" time="0.005" /><testcase classname="tests.unit.domain.test_parser_read" name="test_t2_02_indent_error_3sp" time="0.005" /><testcase classname="tests.unit.domain.test_parser_read" name="test_t2_03_indent_error_tab" time="0.006" /><testcase classname="tests.unit.domain.test_parser_read" name="test_t2_04_syntax_error" time="0.008" /><testcase classname="tests.unit.domain.test_parser_read" name="test_t2_05_unknown_marker" time="0.007" /><testcase classname="tests.unit.domain.test_parser_read" name="test_t2_06_logic_conflict" time="0.007" /><testcase classname="tests.unit.domain.test_parser_read" name="test_t2_07_referential_integrity" time="0.006" /><testcase classname="tests.unit.domain.test_parser_read" name="test_t2_08_sibling_conflict" time="0.007" /><testcase classname="tests.unit.domain.test_parser_read" name="test_t2_09_duplicate_name" time="0.005" /><testcase classname="tests.unit.domain.test_parser_read" name="test_t2_10_path_traversal" time="0.005" /><testcase classname="tests.unit.domain.test_parser_read" name="test_t2_11_keyword_ambiguity" time="0.007" /><testcase classname="tests.unit.domain.test_parser_read" name="test_t2_12_path_protocol_safety" time="0.008" /><testcase classname="tests.unit.domain.test_parser_robustness" name="test_repro_crash_on_comment" time="0.007" /><testcase classname="tests.unit.domain.test_parser_robustness" name="test_repro_crash_on_text_line" time="0.007" /><testcase classname="tests.unit.domain.test_persister_strict" name="test_t3_11b_strict_sibling_exclusivity" time="0.004" /><testcase classname="tests.unit.domain.test_persister_strict" name="test_t3_11c_child_active_parent_pending" time="0.003" /><testcase classname="tests.unit.domain.test_persister_write" name="test_t3_01_create_new" time="0.008" /><testcase classname="tests.unit.domain.test_persister_write" name="test_t3_02_sanitize_formatting" time="0.010" /><testcase classname="tests.unit.domain.test_persister_write" name="test_t3_05_comment_stripping" time="0.009" /><testcase classname="tests.unit.domain.test_persister_write" name="test_t3_12_backup_generation" time="0.018" /><testcase classname="tests.unit.domain.test_persister_write" name="test_t3_13_hash_update" time="0.021" /><testcase classname="tests.unit.domain.test_persister_write" name="test_t1_13_tamper_detection" time="0.022" /><testcase classname="tests.unit.domain.test_persister_write" name="test_t3_09_content_fidelity" time="0.008" /><testcase classname="tests.unit.domain.test_persister_write" name="test_t3_04_permission_denied" time="0.461" /><testcase classname="tests.unit.domain.test_persister_write" name="test_t3_03_unicode_safety" time="0.015" /><testcase classname="tests.unit.domain.test_persister_write" name="test_t3_06_line_endings" time="0.007" /><testcase classname="tests.unit.domain.test_persister_write" name="test_t3_07_keyword_preservation" time="0.008" /><testcase classname="tests.unit.domain.test_persister_write" name="test_t3_08_stability" time="0.011" /><testcase classname="tests.unit.domain.test_persister_write" name="test_t3_10_invalid_status" time="0.004" /><testcase classname="tests.unit.domain.test_persister_write" name="test_t3_11_logic_conflict_save" time="0.003" /><testcase classname="tests.unit.engine.test_config_loader" name="test_load_default_config" time="0.003" /><testcase classname="tests.unit.engine.test_config_loader" name="test_load_custom_config" time="0.004" /><testcase classname="tests.unit.engine.test_config_loader" name="test_load_invalid_json" time="0.006" /><testcase classname="tests.unit.engine.test_dispatch" name="test_t2_01_explicit_metadata_match" time="0.003" /><testcase classname="tests.unit.engine.test_dispatch" name="test_t2_02_registry_exact_match" time="0.004" /><testcase classname="tests.unit.engine.test_dispatch" name="test_t2_03_dispatch_failure_safe" time="0.003" /><testcase classname="tests.unit.engine.test_dispatch" name="test_t2_05_non_atom_class" time="0.003" /><testcase classname="tests.unit.engine.test_dispatch" name="test_t2_04_atom_init_side_effect" time="0.005" /><testcase classname="tests.unit.engine.test_dispatch" name="test_t2_10_invisible_char_dispatch" time="0.002" /><testcase classname="tests.unit.engine.test_dispatch" name="test_t2_07_metadata_false_context" time="0.002" /><testcase classname="tests.unit.engine.test_dispatch" name="test_t2_08_registry_case_sensitivity" time="0.003" /><testcase classname="tests.unit.engine.test_dispatch" name="test_t2_09_regex_redos_safety" time="0.003" /><testcase classname="tests.unit.engine.test_edge_cases" name="test_t7_01_stale_intent_lock" time="0.009" /><testcase classname="tests.unit.engine.test_edge_cases" name="test_t7_02_corrupt_state_file" time="0.006" /><testcase classname="tests.unit.engine.test_edge_cases" name="test_t7_03_empty_registry_file" time="0.005" /><testcase classname="tests.unit.engine.test_edge_cases" name="test_t7_04_max_path_length" time="0.004" /><testcase classname="tests.unit.engine.test_edge_cases" name="test_t7_05_high_concurrency_events" time="0.063" /><testcase classname="tests.unit.engine.test_edge_cases" name="test_t7_06_sigint_handling" time="0.006"><skipped type="pytest.skip" message="Signal handling difficult to test in unit test">C:\development\pitbula\flowManager\tests\unit\engine\test_edge_cases.py:81: Signal handling difficult to test in unit test</skipped></testcase><testcase classname="tests.unit.engine.test_edge_cases" name="test_t7_07_nested_resume" time="0.019" /><testcase classname="tests.unit.engine.test_edge_cases" name="test_t7_08_disk_full_panic_save" time="0.008" /><testcase classname="tests.unit.engine.test_edge_cases" name="test_t7_09_circular_dependency" time="0.010" /><testcase classname="tests.unit.engine.test_edge_cases" name="test_t7_11_registry_schema_invalid" time="0.007" /><testcase classname="tests.unit.engine.test_edge_cases" name="test_t7_14_save_state_double_fault" time="0.008" /><testcase classname="tests.unit.engine.test_edge_cases" name="test_t7_15_recursion_bomb" time="0.023" /><testcase classname="tests.unit.engine.test_events" name="test_t5_01_payload_inline" time="0.003" /><testcase classname="tests.unit.engine.test_events" name="test_t5_02_payload_reference" time="0.015" /><testcase classname="tests.unit.engine.test_events" name="test_t5_03_jsonl_streaming" time="0.011" /><testcase classname="tests.unit.engine.test_events" name="test_t5_04_payload_boundary" time="0.004" /><testcase classname="tests.unit.engine.test_events" name="test_t5_05_blob_write_failure" time="0.004" /><testcase classname="tests.unit.engine.test_executor_redaction" name="test_executor_redaction" time="0.001" /><testcase classname="tests.unit.engine.test_hydration" name="test_t1_01_root_discovery_standard" time="0.005" /><testcase classname="tests.unit.engine.test_hydration" name="test_t1_02_root_missing_strict" time="0.004" /><testcase classname="tests.unit.engine.test_hydration" name="test_t1_03_path_resolution_safe" time="0.004" /><testcase classname="tests.unit.engine.test_hydration" name="test_t1_04_jailbreak_attempt_parent" time="0.005" /><testcase classname="tests.unit.engine.test_hydration" name="test_t1_05_jailbreak_attempt_symlink" time="0.004"><skipped type="pytest.skip" message="Symlinks not supported on this OS/Permission">C:\development\pitbula\flowManager\tests\unit\engine\test_hydration.py:62: Symlinks not supported on this OS/Permission</skipped></testcase><testcase classname="tests.unit.engine.test_hydration" name="test_t1_15_windows_device_paths" time="0.003" /><testcase classname="tests.unit.engine.test_hydration" name="test_t1_06_explicit_registry_loading" time="0.005" /><testcase classname="tests.unit.engine.test_hydration" name="test_t1_17_registry_validation_failure" time="0.006" /><testcase classname="tests.unit.engine.test_hydration" name="test_t1_07_unregistered_atom" time="0.005" /><testcase classname="tests.unit.engine.test_hydration" name="test_t1_09_root_is_file" time="0.004" /><testcase classname="tests.unit.engine.test_hydration" name="test_t1_12_null_byte_path" time="0.004" /><testcase classname="tests.unit.engine.test_hydration" name="test_t1_16_unc_path_injection" time="0.003" /><testcase classname="tests.unit.engine.test_hydration" name="test_t1_08_root_symlink_loop_real" time="0.004"><skipped type="pytest.skip" message="Symlinks not supported in this environment">C:\development\pitbula\flowManager\tests\unit\engine\test_hydration.py:161: Symlinks not supported in this environment</skipped></testcase><testcase classname="tests.unit.engine.test_hydration" name="test_t1_08_root_symlink_loop_simulated" time="0.004" /><testcase classname="tests.unit.engine.test_integration_persistence" name="test_integration_persistence_wiring" time="0.018" /><testcase classname="tests.unit.engine.test_loom" name="test_t6_01_surgical_insert" time="0.006" /><testcase classname="tests.unit.engine.test_loom" name="test_t6_02_ambiguous_anchor" time="0.006" /><testcase classname="tests.unit.engine.test_loom" name="test_t6_03_loom_vs_writefile" time="0.004" /><testcase classname="tests.unit.engine.test_loom" name="test_t6_05_anchor_not_found" time="0.006" /><testcase classname="tests.unit.engine.test_loom" name="test_t6_04_loom_project_scope" time="0.008" /><testcase classname="tests.unit.engine.test_loom_advanced" name="test_t6_06_whitespace_mismatch" time="0.005" /><testcase classname="tests.unit.engine.test_loom_advanced" name="test_t6_07_loom_encoding_latin1" time="0.004" /><testcase classname="tests.unit.engine.test_loom_advanced" name="test_t6_08_regex_literal_safety" time="0.008" /><testcase classname="tests.unit.engine.test_loom_advanced" name="test_t6_09_loom_large_file_limit" time="0.035" /><testcase classname="tests.unit.engine.test_loom_advanced" name="test_t6_10_optimistic_locking" time="0.006" /><testcase classname="tests.unit.engine.test_loom_advanced" name="test_t6_11_eol_preservation" time="0.007" /><testcase classname="tests.unit.engine.test_loom_advanced" name="test_t6_12_encoding_mismatch_bom" time="0.007" /><testcase classname="tests.unit.engine.test_loom_advanced" name="test_t6_13_loom_whitespace_normalization" time="0.007" /><testcase classname="tests.unit.engine.test_loom_advanced" name="test_t6_14_case_insensitive_path_scope" time="0.007" /><testcase classname="tests.unit.engine.test_persistence" name="test_t4_01_atomic_write_rename" time="0.009" /><testcase classname="tests.unit.engine.test_persistence" name="test_t4_02_windows_lock_avoidance" time="0.009" /><testcase classname="tests.unit.engine.test_persistence" name="test_t4_04_av_file_lock_simulation" time="0.107" /><testcase classname="tests.unit.engine.test_redactor" name="test_redact_secrets" time="0.001" /><testcase classname="tests.unit.engine.test_redactor" name="test_redact_github_token" time="0.001" /><testcase classname="tests.unit.engine.test_redactor" name="test_redact_safe_text" time="0.001" /><testcase classname="tests.unit.engine.test_resilience" name="test_t3_01_smart_resume_pending" time="0.005" /><testcase classname="tests.unit.engine.test_resilience" name="test_t3_04_crash_handling" time="0.015" /><testcase classname="tests.unit.engine.test_resilience" name="test_t3_05_context_propagation" time="0.008" /><testcase classname="tests.unit.engine.test_resilience" name="test_t3_02_circuit_breaker" time="0.006" /><testcase classname="tests.unit.engine.test_resilience" name="test_t3_09_multiple_active_tasks" time="0.004" /><testcase classname="tests.unit.engine.test_resilience" name="test_t3_11_lock_stale_pid_steal" time="0.008" /><testcase classname="tests.unit.engine.test_resilience" name="test_t3_03_write_ahead_recovery" time="0.008" /><testcase classname="tests.unit.engine.test_resilience" name="test_t3_12_system_context_immutable" time="0.009" /><testcase classname="tests.unit.engine.test_resilience" name="test_t3_10_non_serializable_export" time="0.011" /><testcase classname="tests.unit.engine.test_tool_executor" name="test_execute_success" time="0.001" /><testcase classname="tests.unit.engine.test_tool_executor" name="test_execute_tool_error" time="0.001" /><testcase classname="tests.unit.engine.test_tool_executor" name="test_execute_crash_handling" time="0.002" /><testcase classname="tests.unit.engine.test_tool_executor" name="test_execute_unknown_tool" time="0.001" /><testcase classname="tests.unit.llm.test_anthropic_adapter.TestAnthropicProviderContract" name="test_ct_01_has_provider_name" time="0.001" /><testcase classname="tests.unit.llm.test_anthropic_adapter.TestAnthropicProviderContract" name="test_ct_02_configure_succeeds" time="0.002" /><testcase classname="tests.unit.llm.test_anthropic_adapter.TestAnthropicProviderContract" name="test_ct_03_generate_after_configure" time="0.002" /><testcase classname="tests.unit.llm.test_anthropic_adapter.TestAnthropicProviderContract" name="test_ct_04_count_tokens_after_configure" time="0.002" /><testcase classname="tests.unit.llm.test_anthropic_adapter.TestAnthropicProviderContract" name="test_ct_05_generate_before_configure" time="0.001" /><testcase classname="tests.unit.llm.test_anthropic_adapter.TestAnthropicProviderContract" name="test_ct_06_double_configure" time="0.003" /><testcase classname="tests.unit.llm.test_anthropic_adapter.TestAnthropicProviderContract" name="test_ct_07_close_idempotent" time="0.002" /><testcase classname="tests.unit.llm.test_anthropic_adapter.TestAnthropicProviderContract" name="test_ct_08_generate_after_close" time="0.003" /><testcase classname="tests.unit.llm.test_anthropic_adapter.TestAnthropicProviderContract" name="test_ct_09_configure_after_close" time="0.003" /><testcase classname="tests.unit.llm.test_anthropic_adapter.TestAnthropicProviderContract" name="test_ct_10_empty_messages_rejected" time="0.002" /><testcase classname="tests.unit.llm.test_anthropic_adapter.TestAnthropicProviderContract" name="test_ct_11_none_messages_rejected" time="0.002" /><testcase classname="tests.unit.llm.test_anthropic_adapter.TestAnthropicProviderContract" name="test_ct_12_count_tokens_type_check" time="0.002" /><testcase classname="tests.unit.llm.test_anthropic_adapter.TestAnthropicProviderContract" name="test_ct_13_count_tokens_empty_string" time="0.002" /><testcase classname="tests.unit.llm.test_anthropic_adapter.TestAnthropicProviderContract" name="test_ct_14_close_without_configure" time="0.001" /><testcase classname="tests.unit.llm.test_anthropic_adapter.TestAnthropicProviderContract" name="test_ct_15_invalid_role_rejected" time="0.002" /><testcase classname="tests.unit.llm.test_anthropic_adapter.TestAnthropicSpecific" name="test_embed_raises_not_implemented" time="0.002" /><testcase classname="tests.unit.llm.test_anthropic_adapter.TestAnthropicSpecific" name="test_embedding_dimensions_none" time="0.001" /><testcase classname="tests.unit.llm.test_anthropic_adapter.TestAnthropicSpecific" name="test_missing_sdk_raises_dependency_error" time="0.001" /><testcase classname="tests.unit.llm.test_anthropic_adapter.TestAnthropicSpecific" name="test_missing_api_key" time="0.001" /><testcase classname="tests.unit.llm.test_anthropic_adapter.TestAnthropicSpecific" name="test_empty_api_key" time="0.001" /><testcase classname="tests.unit.llm.test_anthropic_adapter.TestAnthropicSpecific" name="test_missing_model_key" time="0.001" /><testcase classname="tests.unit.llm.test_anthropic_adapter.TestAnthropicSpecific" name="test_empty_model_name" time="0.001" /><testcase classname="tests.unit.llm.test_anthropic_adapter.TestAnthropicSpecific" name="test_adc_not_supported" time="0.001" /><testcase classname="tests.unit.llm.test_anthropic_adapter.TestAnthropicSpecific" name="test_none_auth_method_rejected" time="0.001" /><testcase classname="tests.unit.llm.test_anthropic_adapter.TestAnthropicSpecific" name="test_timeout_zero" time="0.002" /><testcase classname="tests.unit.llm.test_anthropic_adapter.TestAnthropicSpecific" name="test_negative_timeout" time="0.002" /><testcase classname="tests.unit.llm.test_anthropic_adapter.TestAnthropicSpecific" name="test_credential_sanitization" time="0.002" /><testcase classname="tests.unit.llm.test_anthropic_adapter.TestAnthropicSpecific" name="test_close_releases_client" time="0.002" /><testcase classname="tests.unit.llm.test_anthropic_adapter.TestAnthropicSpecific" name="test_system_message_handling" time="0.002" /><testcase classname="tests.unit.llm.test_auth.TestEnvVarResolution" name="test_t6_1_01_api_key_from_env" time="0.001" /><testcase classname="tests.unit.llm.test_auth.TestEnvVarResolution" name="test_t6_1_02_missing_env_var" time="0.001" /><testcase classname="tests.unit.llm.test_auth.TestEnvVarResolution" name="test_t6_1_03_empty_env_var" time="0.001" /><testcase classname="tests.unit.llm.test_auth.TestEnvVarResolution" name="test_t6_1_04_whitespace_only_env_var" time="0.001" /><testcase classname="tests.unit.llm.test_auth.TestEnvVarResolution" name="test_t6_1_05_env_var_trailing_newline" time="0.001" /><testcase classname="tests.unit.llm.test_auth.TestEnvVarResolution" name="test_t6_1_06_cross_provider_credential_mismatch" time="0.001" /><testcase classname="tests.unit.llm.test_auth.TestEnvVarResolution" name="test_t6_1_07_non_breaking_space_in_key" time="0.001" /><testcase classname="tests.unit.llm.test_auth.TestEnvVarResolution" name="test_t6_1_08_windows_crlf_in_key" time="0.001" /><testcase classname="tests.unit.llm.test_auth.TestEnvVarResolution" name="test_t6_1_09_tab_and_em_space_in_key" time="0.001" /><testcase classname="tests.unit.llm.test_auth.TestEnvVarResolution" name="test_t6_1_10_keyring_timeout" time="0.001" /><testcase classname="tests.unit.llm.test_auth.TestKeyringResolution" name="test_t6_2_01_keyring_happy_path" time="0.001" /><testcase classname="tests.unit.llm.test_auth.TestKeyringResolution" name="test_t6_2_02_keyring_missing" time="0.001" /><testcase classname="tests.unit.llm.test_auth.TestKeyringResolution" name="test_t6_2_03_env_overrides_keyring" time="0.001" /><testcase classname="tests.unit.llm.test_auth.TestKeyringResolution" name="test_t6_2_04_keyring_package_not_installed" time="0.001" /><testcase classname="tests.unit.llm.test_auth.TestKeyringResolution" name="test_t6_2_05_keyring_fallback_silently_skipped" time="0.001" /><testcase classname="tests.unit.llm.test_auth.TestADC" name="test_t6_3_01_adc_happy_path" time="0.001" /><testcase classname="tests.unit.llm.test_auth.TestADC" name="test_t6_3_02_adc_token_expired" time="0.001" /><testcase classname="tests.unit.llm.test_auth.TestADC" name="test_t6_3_03_adc_skips_env_keyring" time="0.001" /><testcase classname="tests.unit.llm.test_auth.TestADC" name="test_t6_3_04_vertex_adc_with_project_location" time="0.001" /><testcase classname="tests.unit.llm.test_auth.TestADC" name="test_t6_3_05_vertex_adc_missing_project_id" time="0.001" /><testcase classname="tests.unit.llm.test_auth.TestCredentialSecurity" name="test_t6_4_01_api_key_not_in_logs" time="0.001" /><testcase classname="tests.unit.llm.test_auth.TestCredentialSecurity" name="test_t6_4_02_api_key_not_in_exception" time="0.001" /><testcase classname="tests.unit.llm.test_auth.TestCredentialSecurity" name="test_t6_4_03_api_key_not_in_exports" time="0.001" /><testcase classname="tests.unit.llm.test_auth.TestCredentialSecurity" name="test_t6_4_04_unknown_auth_method" time="0.001" /><testcase classname="tests.unit.llm.test_auth.TestOllamaNoAuth" name="test_t6_5_01_no_auth_required" time="0.001" /><testcase classname="tests.unit.llm.test_auth.TestOllamaNoAuth" name="test_t6_5_02_ollama_not_running" time="0.001" /><testcase classname="tests.unit.llm.test_contract_and_edge_cases.TestMockProviderContract" name="test_ct_01_has_provider_name" time="0.001" /><testcase classname="tests.unit.llm.test_contract_and_edge_cases.TestMockProviderContract" name="test_ct_02_configure_succeeds" time="0.001" /><testcase classname="tests.unit.llm.test_contract_and_edge_cases.TestMockProviderContract" name="test_ct_03_generate_after_configure" time="0.001" /><testcase classname="tests.unit.llm.test_contract_and_edge_cases.TestMockProviderContract" name="test_ct_04_count_tokens_after_configure" time="0.001" /><testcase classname="tests.unit.llm.test_contract_and_edge_cases.TestMockProviderContract" name="test_ct_05_generate_before_configure" time="0.001" /><testcase classname="tests.unit.llm.test_contract_and_edge_cases.TestMockProviderContract" name="test_ct_06_double_configure" time="0.001" /><testcase classname="tests.unit.llm.test_contract_and_edge_cases.TestMockProviderContract" name="test_ct_07_close_idempotent" time="0.001" /><testcase classname="tests.unit.llm.test_contract_and_edge_cases.TestMockProviderContract" name="test_ct_08_generate_after_close" time="0.001" /><testcase classname="tests.unit.llm.test_contract_and_edge_cases.TestMockProviderContract" name="test_ct_09_configure_after_close" time="0.001" /><testcase classname="tests.unit.llm.test_contract_and_edge_cases.TestMockProviderContract" name="test_ct_10_empty_messages_rejected" time="0.001" /><testcase classname="tests.unit.llm.test_contract_and_edge_cases.TestMockProviderContract" name="test_ct_11_none_messages_rejected" time="0.001" /><testcase classname="tests.unit.llm.test_contract_and_edge_cases.TestMockProviderContract" name="test_ct_12_count_tokens_type_check" time="0.001" /><testcase classname="tests.unit.llm.test_contract_and_edge_cases.TestMockProviderContract" name="test_ct_13_count_tokens_empty_string" time="0.001" /><testcase classname="tests.unit.llm.test_contract_and_edge_cases.TestMockProviderContract" name="test_ct_14_close_without_configure" time="0.001" /><testcase classname="tests.unit.llm.test_contract_and_edge_cases.TestMockProviderContract" name="test_ct_15_invalid_role_rejected" time="0.001" /><testcase classname="tests.unit.llm.test_contract_and_edge_cases.TestObservability" name="test_t13_1_01_generate_does_not_log_secrets" time="0.001" /><testcase classname="tests.unit.llm.test_contract_and_edge_cases.TestObservability" name="test_t13_1_02_error_hierarchy_complete" time="0.001" /><testcase classname="tests.unit.llm.test_contract_and_edge_cases.TestObservability" name="test_t13_1_03_error_messages_actionable" time="0.001" /><testcase classname="tests.unit.llm.test_contract_and_edge_cases.TestObservability" name="test_t13_1_04_provider_name_in_logs" time="0.001" /><testcase classname="tests.unit.llm.test_contract_and_edge_cases.TestObservability" name="test_t13_1_05_exception_chaining_preserved" time="0.001" /><testcase classname="tests.unit.llm.test_contract_and_edge_cases.TestObservability" name="test_t13_1_06_logging_does_not_crash_on_unicode" time="0.001" /><testcase classname="tests.unit.llm.test_contract_and_edge_cases.TestConfigEdgeCases" name="test_t14_1_01_empty_model_string" time="0.001" /><testcase classname="tests.unit.llm.test_contract_and_edge_cases.TestConfigEdgeCases" name="test_t14_1_02_missing_model_key" time="0.001" /><testcase classname="tests.unit.llm.test_contract_and_edge_cases.TestConfigEdgeCases" name="test_t14_1_03_extra_config_keys_tolerated" time="0.001" /><testcase classname="tests.unit.llm.test_contract_and_edge_cases.TestConfigEdgeCases" name="test_t14_1_04_auth_section_missing_uses_default" time="0.001" /><testcase classname="tests.unit.llm.test_contract_and_edge_cases.TestConfigEdgeCases" name="test_t14_1_05_config_is_not_mutated" time="0.001" /><testcase classname="tests.unit.llm.test_contract_and_edge_cases.TestConfigEdgeCases" name="test_t14_1_06_numeric_model_name" time="0.001" /><testcase classname="tests.unit.llm.test_contract_and_edge_cases.TestConfigEdgeCases" name="test_t14_1_07_very_long_model_name" time="0.001" /><testcase classname="tests.unit.llm.test_contract_and_edge_cases.TestConfigEdgeCases" name="test_t14_1_08_model_with_special_chars" time="0.001" /><testcase classname="tests.unit.llm.test_contract_and_edge_cases.TestHostileEnvironment" name="test_t19_1_01_zwsp_api_key" time="0.001" /><testcase classname="tests.unit.llm.test_contract_and_edge_cases.TestHostileEnvironment" name="test_t19_1_02_bom_api_key" time="0.001" /><testcase classname="tests.unit.llm.test_contract_and_edge_cases.TestHostileEnvironment" name="test_t19_1_03_crlf_api_key" time="0.001" /><testcase classname="tests.unit.llm.test_contract_and_edge_cases.TestHostileEnvironment" name="test_t19_1_04_multiple_invisible_chars" time="0.001" /><testcase classname="tests.unit.llm.test_contract_and_edge_cases.TestHostileEnvironment" name="test_t19_1_05_dau_copies_key_from_slack" time="0.001" /><testcase classname="tests.unit.llm.test_contract_and_edge_cases.TestHostileEnvironment" name="test_t19_1_06_locale_variation_env_var" time="0.001" /><testcase classname="tests.unit.llm.test_contract_and_edge_cases.TestHostileEnvironment" name="test_t19_1_07_idempotency_tax" time="0.001" /><testcase classname="tests.unit.llm.test_contract_and_edge_cases.TestHostileEnvironment" name="test_t19_1_08_validate_override_no_tokens" time="0.001" /><testcase classname="tests.unit.llm.test_contract_and_edge_cases.TestHostileEnvironment" name="test_t19_1_09_validate_error_returns_false" time="0.001" /><testcase classname="tests.unit.llm.test_contract_and_edge_cases.TestHostileEnvironment" name="test_t19_1_10_provider_abc_not_instantiable" time="0.001" /><testcase classname="tests.unit.llm.test_error_retry.TestErrorClassification" name="test_t7_1_01_network_error" time="0.001" /><testcase classname="tests.unit.llm.test_error_retry.TestErrorClassification" name="test_t7_1_02_dns_failure" time="0.001" /><testcase classname="tests.unit.llm.test_error_retry.TestErrorClassification" name="test_t7_1_03_http_401" time="0.001" /><testcase classname="tests.unit.llm.test_error_retry.TestErrorClassification" name="test_t7_1_04_http_403" time="0.001" /><testcase classname="tests.unit.llm.test_error_retry.TestErrorClassification" name="test_t7_1_05_http_429" time="0.001" /><testcase classname="tests.unit.llm.test_error_retry.TestErrorClassification" name="test_t7_1_06_http_500" time="0.003" /><testcase classname="tests.unit.llm.test_error_retry.TestErrorClassification" name="test_t7_1_07_safety_filter_block" time="0.001" /><testcase classname="tests.unit.llm.test_error_retry.TestErrorClassification" name="test_t7_1_08_model_not_found" time="0.001" /><testcase classname="tests.unit.llm.test_error_retry.TestErrorClassification" name="test_t7_1_09_context_overflow" time="0.001" /><testcase classname="tests.unit.llm.test_error_retry.TestErrorClassification" name="test_t7_1_10_empty_response" time="0.001" /><testcase classname="tests.unit.llm.test_error_retry.TestErrorClassification" name="test_t7_1_11_whitespace_only_response" time="0.001" /><testcase classname="tests.unit.llm.test_error_retry.TestErrorClassification" name="test_t7_1_12_none_response_text" time="0.001" /><testcase classname="tests.unit.llm.test_error_retry.TestErrorClassification" name="test_t7_1_13_malformed_response_object" time="0.001" /><testcase classname="tests.unit.llm.test_error_retry.TestErrorClassification" name="test_t7_1_14_unicode_provider_error" time="0.001" /><testcase classname="tests.unit.llm.test_error_retry.TestErrorClassification" name="test_t7_1_15_sdk_throws_runtime_error" time="0.001" /><testcase classname="tests.unit.llm.test_error_retry.TestErrorClassification" name="test_t7_1_16_sdk_throws_key_error" time="0.001" /><testcase classname="tests.unit.llm.test_error_retry.TestErrorClassification" name="test_t7_1_17_sdk_throws_recursion_error" time="0.001" /><testcase classname="tests.unit.llm.test_error_retry.TestRetryBehavior" name="test_t7_2_01_connection_error_retried_3x" time="0.001" /><testcase classname="tests.unit.llm.test_error_retry.TestRetryBehavior" name="test_t7_2_02_rate_limit_retried_3x" time="0.001" /><testcase classname="tests.unit.llm.test_error_retry.TestRetryBehavior" name="test_t7_2_03_auth_error_not_retried" time="0.001" /><testcase classname="tests.unit.llm.test_error_retry.TestRetryBehavior" name="test_t7_2_04_config_error_not_retried" time="0.001" /><testcase classname="tests.unit.llm.test_error_retry.TestRetryBehavior" name="test_t7_2_05_generation_error_retried_once" time="0.001" /><testcase classname="tests.unit.llm.test_error_retry.TestRetryBehavior" name="test_t7_2_06_context_overflow_not_retried" time="0.001" /><testcase classname="tests.unit.llm.test_error_retry.TestRetryBehavior" name="test_t7_2_07_timeout_retried" time="0.001" /><testcase classname="tests.unit.llm.test_error_retry.TestRetryBehavior" name="test_t7_2_08_retry_logging" time="0.001" /><testcase classname="tests.unit.llm.test_error_retry.TestRetryBehavior" name="test_t7_2_09_retry_after_header" time="0.001" /><testcase classname="tests.unit.llm.test_error_retry.TestRetryBehavior" name="test_t7_2_10_transient_then_success" time="0.001" /><testcase classname="tests.unit.llm.test_error_retry.TestRetryBehavior" name="test_t7_2_11_retry_amplified_timeout_bound" time="0.001" /><testcase classname="tests.unit.llm.test_error_retry.TestRetryBehavior" name="test_t7_2_12_dual_layer_retry_lifecycle" time="0.001" /><testcase classname="tests.unit.llm.test_error_retry.TestTimeoutContract" name="test_t7_3_01_generate_respects_timeout" time="0.001" /><testcase classname="tests.unit.llm.test_error_retry.TestTimeoutContract" name="test_t7_3_02_embed_respects_timeout" time="0.001" /><testcase classname="tests.unit.llm.test_error_retry.TestTimeoutContract" name="test_t7_3_03_default_timeout_generate" time="0.001" /><testcase classname="tests.unit.llm.test_error_retry.TestTimeoutContract" name="test_t7_3_04_default_timeout_embed" time="0.001" /><testcase classname="tests.unit.llm.test_error_retry.TestTimeoutContract" name="test_t7_3_05_zero_timeout" time="0.001" /><testcase classname="tests.unit.llm.test_error_retry.TestTimeoutContract" name="test_t7_3_06_negative_timeout" time="0.001" /><testcase classname="tests.unit.llm.test_error_retry.TestTimeoutContract" name="test_t7_3_07_float_timeout" time="0.001" /><testcase classname="tests.unit.llm.test_error_retry.TestTimeoutContract" name="test_t7_3_08_none_timeout" time="0.001" /><testcase classname="tests.unit.llm.test_error_retry.TestTimeoutContract" name="test_t7_3_09_string_timeout" time="0.001" /><testcase classname="tests.unit.llm.test_factory.TestBasicFactoryOperations" name="test_t5_1_01_create_valid_profile" time="0.001" /><testcase classname="tests.unit.llm.test_factory.TestBasicFactoryOperations" name="test_t5_1_02_create_returns_cached_instance" time="0.001" /><testcase classname="tests.unit.llm.test_factory.TestBasicFactoryOperations" name="test_t5_1_03_create_different_profiles" time="0.001" /><testcase classname="tests.unit.llm.test_factory.TestBasicFactoryOperations" name="test_t5_1_04_unknown_profile_name" time="0.001" /><testcase classname="tests.unit.llm.test_factory.TestBasicFactoryOperations" name="test_t5_1_05_unknown_provider_name" time="0.001" /><testcase classname="tests.unit.llm.test_factory.TestBasicFactoryOperations" name="test_t5_1_06_provider_name_mismatch" time="0.001" /><testcase classname="tests.unit.llm.test_factory.TestBasicFactoryOperations" name="test_t5_1_07_profile_missing_provider_key" time="0.001" /><testcase classname="tests.unit.llm.test_factory.TestBasicFactoryOperations" name="test_t5_1_08_profile_missing_config_sub_key" time="0.001" /><testcase classname="tests.unit.llm.test_factory.TestBasicFactoryOperations" name="test_t5_1_09_profile_with_empty_provider" time="0.001" /><testcase classname="tests.unit.llm.test_factory.TestBasicFactoryOperations" name="test_t5_1_10_profile_name_case_sensitivity" time="0.001" /><testcase classname="tests.unit.llm.test_factory.TestBasicFactoryOperations" name="test_t5_1_11_unicode_profile_name" time="0.002" /><testcase classname="tests.unit.llm.test_factory.TestBasicFactoryOperations" name="test_t5_1_12_per_profile_close_diagram" time="0.001" /><testcase classname="tests.unit.llm.test_factory.TestResetAndInvalidation" name="test_t5_2_01_reset_single_profile" time="0.001" /><testcase classname="tests.unit.llm.test_factory.TestResetAndInvalidation" name="test_t5_2_02_reset_all" time="0.001" /><testcase classname="tests.unit.llm.test_factory.TestResetAndInvalidation" name="test_t5_2_03_reset_uncreated_profile" time="0.001" /><testcase classname="tests.unit.llm.test_factory.TestResetAndInvalidation" name="test_t5_2_04_use_after_reset" time="0.001" /><testcase classname="tests.unit.llm.test_factory.TestResetAndInvalidation" name="test_t5_2_05_reset_during_active_call" time="0.012" /><testcase classname="tests.unit.llm.test_factory.TestResetAndInvalidation" name="test_t5_2_06_manual_close_bypasses_factory" time="0.001" /><testcase classname="tests.unit.llm.test_factory.TestResetAndInvalidation" name="test_t5_2_07_rapid_create_reset_loop" time="0.034" /><testcase classname="tests.unit.llm.test_factory.TestResetAndInvalidation" name="test_t5_2_08_reset_all_after_close_all" time="0.002" /><testcase classname="tests.unit.llm.test_factory.TestDependencyIsolation" name="test_t5_5_01_missing_sdk_lazy_error" time="0.001" /><testcase classname="tests.unit.llm.test_factory.TestDependencyIsolation" name="test_t5_5_02_core_does_not_import_sdk" time="0.001" /><testcase classname="tests.unit.llm.test_gemini_adapter.TestGeminiProviderContract" name="test_ct_01_has_provider_name" time="0.001" /><testcase classname="tests.unit.llm.test_gemini_adapter.TestGeminiProviderContract" name="test_ct_02_configure_succeeds" time="0.003" /><testcase classname="tests.unit.llm.test_gemini_adapter.TestGeminiProviderContract" name="test_ct_03_generate_after_configure" time="0.003" /><testcase classname="tests.unit.llm.test_gemini_adapter.TestGeminiProviderContract" name="test_ct_04_count_tokens_after_configure" time="0.003" /><testcase classname="tests.unit.llm.test_gemini_adapter.TestGeminiProviderContract" name="test_ct_05_generate_before_configure" time="0.001" /><testcase classname="tests.unit.llm.test_gemini_adapter.TestGeminiProviderContract" name="test_ct_06_double_configure" time="0.002" /><testcase classname="tests.unit.llm.test_gemini_adapter.TestGeminiProviderContract" name="test_ct_07_close_idempotent" time="0.003" /><testcase classname="tests.unit.llm.test_gemini_adapter.TestGeminiProviderContract" name="test_ct_08_generate_after_close" time="0.003" /><testcase classname="tests.unit.llm.test_gemini_adapter.TestGeminiProviderContract" name="test_ct_09_configure_after_close" time="0.003" /><testcase classname="tests.unit.llm.test_gemini_adapter.TestGeminiProviderContract" name="test_ct_10_empty_messages_rejected" time="0.003" /><testcase classname="tests.unit.llm.test_gemini_adapter.TestGeminiProviderContract" name="test_ct_11_none_messages_rejected" time="0.002" /><testcase classname="tests.unit.llm.test_gemini_adapter.TestGeminiProviderContract" name="test_ct_12_count_tokens_type_check" time="0.004" /><testcase classname="tests.unit.llm.test_gemini_adapter.TestGeminiProviderContract" name="test_ct_13_count_tokens_empty_string" time="0.003" /><testcase classname="tests.unit.llm.test_gemini_adapter.TestGeminiProviderContract" name="test_ct_14_close_without_configure" time="0.001" /><testcase classname="tests.unit.llm.test_gemini_adapter.TestGeminiProviderContract" name="test_ct_15_invalid_role_rejected" time="0.002" /><testcase classname="tests.unit.llm.test_gemini_adapter.TestGeminiSpecific" name="test_missing_sdk_raises_dependency_error" time="0.001" /><testcase classname="tests.unit.llm.test_gemini_adapter.TestGeminiSpecific" name="test_missing_api_key" time="0.001" /><testcase classname="tests.unit.llm.test_gemini_adapter.TestGeminiSpecific" name="test_empty_api_key" time="0.001" /><testcase classname="tests.unit.llm.test_gemini_adapter.TestGeminiSpecific" name="test_missing_model_key" time="0.001" /><testcase classname="tests.unit.llm.test_gemini_adapter.TestGeminiSpecific" name="test_empty_model_name" time="0.001" /><testcase classname="tests.unit.llm.test_gemini_adapter.TestGeminiSpecific" name="test_embedding_dimensions" time="0.002" /><testcase classname="tests.unit.llm.test_gemini_adapter.TestGeminiSpecific" name="test_embedding_dimensions_none_when_unconfigured" time="0.001" /><testcase classname="tests.unit.llm.test_gemini_adapter.TestGeminiSpecific" name="test_validate_uses_models_list" time="0.003" /><testcase classname="tests.unit.llm.test_gemini_adapter.TestGeminiSpecific" name="test_validate_returns_false_on_error" time="0.003" /><testcase classname="tests.unit.llm.test_gemini_adapter.TestGeminiSpecific" name="test_timeout_zero" time="0.005" /><testcase classname="tests.unit.llm.test_gemini_adapter.TestGeminiSpecific" name="test_negative_timeout" time="0.003" /><testcase classname="tests.unit.llm.test_gemini_adapter.TestGeminiSpecific" name="test_unknown_auth_method" time="0.001" /><testcase classname="tests.unit.llm.test_gemini_adapter.TestGeminiSpecific" name="test_embed_empty_list" time="0.003" /><testcase classname="tests.unit.llm.test_gemini_adapter.TestGeminiSpecific" name="test_embed_none_input" time="0.003" /><testcase classname="tests.unit.llm.test_gemini_adapter.TestGeminiSpecific" name="test_embed_empty_string" time="0.007" /><testcase classname="tests.unit.llm.test_gemini_adapter.TestGeminiSpecific" name="test_credential_sanitization" time="0.002" /><testcase classname="tests.unit.llm.test_input_validation.TestGenerateMessageValidation" name="test_t4_1_01_empty_messages_list" time="0.001" /><testcase classname="tests.unit.llm.test_input_validation.TestGenerateMessageValidation" name="test_t4_1_02_none_as_messages" time="0.001" /><testcase classname="tests.unit.llm.test_input_validation.TestGenerateMessageValidation" name="test_t4_1_03_missing_role_key" time="0.001" /><testcase classname="tests.unit.llm.test_input_validation.TestGenerateMessageValidation" name="test_t4_1_04_missing_content_key" time="0.001" /><testcase classname="tests.unit.llm.test_input_validation.TestGenerateMessageValidation" name="test_t4_1_05_unknown_role" time="0.001" /><testcase classname="tests.unit.llm.test_input_validation.TestGenerateMessageValidation" name="test_t4_1_06_non_string_role" time="0.001" /><testcase classname="tests.unit.llm.test_input_validation.TestGenerateMessageValidation" name="test_t4_1_07_non_string_content" time="0.001" /><testcase classname="tests.unit.llm.test_input_validation.TestGenerateMessageValidation" name="test_t4_1_08_none_content" time="0.002" /><testcase classname="tests.unit.llm.test_input_validation.TestGenerateMessageValidation" name="test_t4_1_09_extra_keys_tolerated" time="0.001" /><testcase classname="tests.unit.llm.test_input_validation.TestGenerateMessageValidation" name="test_t4_1_10_all_valid_roles" time="0.001" /><testcase classname="tests.unit.llm.test_input_validation.TestGenerateMessageValidation" name="test_t4_1_11_system_only_messages" time="0.001" /><testcase classname="tests.unit.llm.test_input_validation.TestGenerateMessageValidation" name="test_t4_1_12_empty_string_content" time="0.001" /><testcase classname="tests.unit.llm.test_input_validation.TestGenerateMessageValidation" name="test_t4_1_13_massive_message_count" time="0.010" /><testcase classname="tests.unit.llm.test_input_validation.TestGenerateMessageValidation" name="test_t4_1_14_unicode_emoji_content" time="0.001" /><testcase classname="tests.unit.llm.test_input_validation.TestGenerateMessageValidation" name="test_t4_1_15_null_bytes_in_content" time="0.001" /><testcase classname="tests.unit.llm.test_input_validation.TestGenerateMessageValidation" name="test_t4_1_16_messages_is_dict_not_list" time="0.001" /><testcase classname="tests.unit.llm.test_input_validation.TestGenerateMessageValidation" name="test_t4_1_17_messages_contains_non_dict" time="0.001" /><testcase classname="tests.unit.llm.test_input_validation.TestGenerateMessageValidation" name="test_t4_1_18_binary_garbage_payload" time="0.001" /><testcase classname="tests.unit.llm.test_input_validation.TestGenerateMessageValidation" name="test_t4_1_19_gigantic_single_message" time="0.008" /><testcase classname="tests.unit.llm.test_input_validation.TestGenerateMessageValidation" name="test_t4_1_20_invalid_kwarg_type_temperature" time="0.001" /><testcase classname="tests.unit.llm.test_input_validation.TestGenerateMessageValidation" name="test_t4_1_21_invalid_kwarg_type_stop_sequences" time="0.001" /><testcase classname="tests.unit.llm.test_input_validation.TestGenerateMessageValidation" name="test_t4_1_22_unknown_kwargs_pass_through" time="0.001" /><testcase classname="tests.unit.llm.test_input_validation.TestGenerateMessageValidation" name="test_t4_1_23_max_tokens_zero" time="0.001" /><testcase classname="tests.unit.llm.test_input_validation.TestGenerateMessageValidation" name="test_t4_1_24_duplicate_messages_not_deduplicated" time="0.001" /><testcase classname="tests.unit.llm.test_input_validation.TestGenerateMessageValidation" name="test_t4_1_25_negative_temperature" time="0.001" /><testcase classname="tests.unit.llm.test_input_validation.TestGenerateMessageValidation" name="test_t4_1_26_absurd_temperature" time="0.001" /><testcase classname="tests.unit.llm.test_input_validation.TestEmbedInputValidation" name="test_t4_2_01_empty_list" time="0.001" /><testcase classname="tests.unit.llm.test_input_validation.TestEmbedInputValidation" name="test_t4_2_02_none_input" time="0.001" /><testcase classname="tests.unit.llm.test_input_validation.TestEmbedInputValidation" name="test_t4_2_03_single_text" time="0.001" /><testcase classname="tests.unit.llm.test_input_validation.TestEmbedInputValidation" name="test_t4_2_04_non_string_items" time="0.001" /><testcase classname="tests.unit.llm.test_input_validation.TestEmbedInputValidation" name="test_t4_2_05_empty_string_item" time="0.001" /><testcase classname="tests.unit.llm.test_input_validation.TestEmbedInputValidation" name="test_t4_2_06_oversized_batch" time="0.002" /><testcase classname="tests.unit.llm.test_input_validation.TestEmbedInputValidation" name="test_t4_2_07_not_supported_provider" time="0.001" /><testcase classname="tests.unit.llm.test_input_validation.TestEmbedInputValidation" name="test_t4_2_08_result_dimension_consistency" time="0.001" /><testcase classname="tests.unit.llm.test_input_validation.TestEmbedInputValidation" name="test_t4_2_09_unicode_cjk_text" time="0.001" /><testcase classname="tests.unit.llm.test_input_validation.TestEmbedInputValidation" name="test_t4_2_10_duplicate_texts" time="0.001" /><testcase classname="tests.unit.llm.test_input_validation.TestEmbedInputValidation" name="test_t4_2_11_cross_call_dimension_consistency" time="0.001" /><testcase classname="tests.unit.llm.test_input_validation.TestEmbedInputValidation" name="test_t4_2_12_inconsistent_dimensions_within_batch" time="0.001" /><testcase classname="tests.unit.llm.test_input_validation.TestEmbedInputValidation" name="test_t4_2_13_embedding_dimensions_property_int" time="0.001" /><testcase classname="tests.unit.llm.test_input_validation.TestEmbedInputValidation" name="test_t4_2_14_embedding_dimensions_property_none" time="0.001" /><testcase classname="tests.unit.llm.test_input_validation.TestEmbedInputValidation" name="test_t4_2_15_large_batch_no_oom" time="0.014" /><testcase classname="tests.unit.llm.test_input_validation.TestCountTokensInputValidation" name="test_t4_3_01_non_string_int" time="0.001" /><testcase classname="tests.unit.llm.test_input_validation.TestCountTokensInputValidation" name="test_t4_3_02_non_string_none" time="0.001" /><testcase classname="tests.unit.llm.test_input_validation.TestCountTokensInputValidation" name="test_t4_3_03_non_string_list" time="0.001" /><testcase classname="tests.unit.llm.test_input_validation.TestCountTokensInputValidation" name="test_t4_3_04_empty_string" time="0.001" /><testcase classname="tests.unit.llm.test_input_validation.TestCountTokensInputValidation" name="test_t4_3_05_known_token_count" time="0.001" /><testcase classname="tests.unit.llm.test_input_validation.TestCountTokensInputValidation" name="test_t4_3_06_cjk_emoji_text" time="0.001" /><testcase classname="tests.unit.llm.test_input_validation.TestCountTokensInputValidation" name="test_t4_3_07_massive_string" time="0.002" /><testcase classname="tests.unit.llm.test_input_validation.TestCountTokensInputValidation" name="test_t4_3_08_approximation_accuracy" time="0.001" /><testcase classname="tests.unit.llm.test_provider_lifecycle.TestBasicLifecycle" name="test_t3_1_01_configure_then_generate" time="0.001" /><testcase classname="tests.unit.llm.test_provider_lifecycle.TestBasicLifecycle" name="test_t3_1_02_configure_then_embed" time="0.001" /><testcase classname="tests.unit.llm.test_provider_lifecycle.TestBasicLifecycle" name="test_t3_1_03_configure_then_count_tokens" time="0.001" /><testcase classname="tests.unit.llm.test_provider_lifecycle.TestBasicLifecycle" name="test_t3_1_04_configure_then_validate" time="0.001" /><testcase classname="tests.unit.llm.test_provider_lifecycle.TestBasicLifecycle" name="test_t3_1_05_configure_then_close" time="0.001" /><testcase classname="tests.unit.llm.test_provider_lifecycle.TestBasicLifecycle" name="test_t3_1_06_validate_default_costs_tokens" time="0.001" /><testcase classname="tests.unit.llm.test_provider_lifecycle.TestLifecycleViolations" name="test_t3_2_01_generate_before_configure" time="0.001" /><testcase classname="tests.unit.llm.test_provider_lifecycle.TestLifecycleViolations" name="test_t3_2_02_embed_before_configure" time="0.001" /><testcase classname="tests.unit.llm.test_provider_lifecycle.TestLifecycleViolations" name="test_t3_2_03_count_tokens_before_configure" time="0.001" /><testcase classname="tests.unit.llm.test_provider_lifecycle.TestLifecycleViolations" name="test_t3_2_04_double_configure" time="0.001" /><testcase classname="tests.unit.llm.test_provider_lifecycle.TestLifecycleViolations" name="test_t3_2_05_generate_after_close" time="0.001" /><testcase classname="tests.unit.llm.test_provider_lifecycle.TestLifecycleViolations" name="test_t3_2_06_embed_after_close" time="0.001" /><testcase classname="tests.unit.llm.test_provider_lifecycle.TestLifecycleViolations" name="test_t3_2_07_count_tokens_after_close" time="0.001" /><testcase classname="tests.unit.llm.test_provider_lifecycle.TestLifecycleViolations" name="test_t3_2_08_close_without_configure" time="0.001" /><testcase classname="tests.unit.llm.test_provider_lifecycle.TestLifecycleViolations" name="test_t3_2_09_close_idempotency" time="0.001" /><testcase classname="tests.unit.llm.test_provider_lifecycle.TestLifecycleViolations" name="test_t3_2_10_validate_before_configure" time="0.001" /><testcase classname="tests.unit.llm.test_provider_lifecycle.TestLifecycleViolations" name="test_t3_2_11_configure_after_close" time="0.001" /><testcase classname="tests.unit.llm.test_provider_lifecycle.TestPartialConfigureFailure" name="test_t3_3_01_configure_fails_auth_then_generate" time="0.001" /><testcase classname="tests.unit.llm.test_provider_lifecycle.TestPartialConfigureFailure" name="test_t3_3_02_configure_fails_then_retry" time="0.001" /><testcase classname="tests.unit.llm.test_provider_lifecycle.TestPartialConfigureFailure" name="test_t3_3_03_configure_sdk_import_failure" time="0.001" /><testcase classname="tests.unit.llm.test_provider_lifecycle.TestPartialConfigureFailure" name="test_t3_3_04_configure_fails_after_partial_sdk_init" time="0.001" /><testcase classname="tests.unit.llm.test_provider_lifecycle.TestPartialConfigureFailure" name="test_t3_3_05_close_on_poisoned_adapter" time="0.001" /><testcase classname="tests.unit.reliability.test_lifecycle" name="test_job_object_kills_child_on_close" time="0.007" /><testcase classname="tests.unit.reliability.test_lifecycle" name="test_job_object_lifecycle" time="0.051" /><testcase classname="tests.unit.security.test_io_safeguards" name="test_read_binary_file_fails" time="0.005" /><testcase classname="tests.unit.security.test_io_safeguards" name="test_read_large_file_fails" time="0.005" /><testcase classname="tests.unit.security.test_io_safeguards" name="test_read_utf8_valid" time="0.007" /><testcase classname="tests.unit.security.test_io_safeguards" name="test_recursive_expansion_dos" time="0.007" /><testcase classname="tests.unit.security.test_redactor" name="test_redact_environment_variable" time="0.002" /><testcase classname="tests.unit.security.test_redactor" name="test_redact_known_pattern" time="0.001" /><testcase classname="tests.unit.security.test_redactor" name="test_redact_high_entropy" time="0.001" /><testcase classname="tests.unit.security.test_redactor" name="test_allow_low_entropy" time="0.001" /><testcase classname="tests.unit.security.test_redactor" name="test_short_values_ignored" time="0.002" /><testcase classname="tests.unit.tools.base.test_base" name="test_tool_context_immutability" time="0.001" /><testcase classname="tests.unit.tools.base.test_base" name="test_tool_result_schema" time="0.001" /><testcase classname="tests.unit.tools.base.test_base" name="test_base_tool_implementation" time="0.001" /><testcase classname="tests.unit.tools.base.test_base" name="test_tool_validation_error" time="0.001" /><testcase classname="tests.unit.tools.file.loom.test_lock_manager" name="test_acquire_release" time="0.005" /><testcase classname="tests.unit.tools.file.loom.test_lock_manager" name="test_resource_busy" time="0.004" /><testcase classname="tests.unit.tools.file.loom.test_lock_manager" name="test_break_stale_lock" time="0.006" /><testcase classname="tests.unit.tools.file.loom.test_patch_applicator" name="test_replace_exact" time="0.001" /><testcase classname="tests.unit.tools.file.loom.test_patch_applicator" name="test_delete_text" time="0.001" /><testcase classname="tests.unit.tools.file.loom.test_patch_applicator" name="test_append_after" time="0.001" /><testcase classname="tests.unit.tools.file.loom.test_patch_applicator" name="test_prepend_before" time="0.001" /><testcase classname="tests.unit.tools.file.loom.test_patch_applicator" name="test_count_mismatch_error" time="0.001" /><testcase classname="tests.unit.tools.file.loom.test_patch_applicator" name="test_idempotency_success" time="0.001" /><testcase classname="tests.unit.tools.file.loom.test_patch_applicator" name="test_not_found_error" time="0.001" /><testcase classname="tests.unit.tools.file.test_file_tool" name="test_read_file_success" time="0.006" /><testcase classname="tests.unit.tools.file.test_file_tool" name="test_read_file_path_traversal" time="0.005" /><testcase classname="tests.unit.tools.file.test_file_tool" name="test_write_file_atomic" time="0.007" /><testcase classname="tests.unit.tools.file.test_file_tool" name="test_write_file_blocked_pattern" time="0.005" /><testcase classname="tests.unit.tools.file.test_file_tool" name="test_list_files" time="0.006" /><testcase classname="tests.unit.tools.file.test_file_tool" name="test_read_ads_blocked_windows" time="0.006" /><testcase classname="tests.unit.tools.file.test_file_tool_loom" name="test_edit_file_replace_exact" time="0.012" /><testcase classname="tests.unit.tools.file.test_file_tool_loom" name="test_edit_file_count_mismatch" time="0.008" /><testcase classname="tests.unit.tools.file.test_file_tool_loom" name="test_edit_file_idempotency" time="0.008" /><testcase classname="tests.unit.tools.file.test_file_tool_loom_regex_and_locking" name="test_edit_file_regex" time="0.010" /><testcase classname="tests.unit.tools.file.test_file_tool_loom_regex_and_locking" name="test_lock_manager_pid_check" time="0.006" /><testcase classname="tests.unit.tools.file.test_file_tool_loom_regex_and_locking" name="test_lock_manager_pid_alive_contention" time="0.007" /><testcase classname="tests.unit.tools.file.test_file_tool_ops" name="test_create_directory_success" time="0.006" /><testcase classname="tests.unit.tools.file.test_file_tool_ops" name="test_create_directory_existing" time="0.005" /><testcase classname="tests.unit.tools.file.test_file_tool_ops" name="test_delete_file_success" time="0.006" /><testcase classname="tests.unit.tools.file.test_file_tool_ops" name="test_delete_file_not_found" time="0.005" /><testcase classname="tests.unit.tools.file.test_file_tool_ops" name="test_delete_file_is_directory_error" time="0.005" /><testcase classname="tests.unit.tools.file.test_file_tool_platform_constraints" name="test_recursive_symlink_loop_protection" time="0.005"><skipped type="pytest.skip" message="Symlinks not supported/allowed in this environment">C:\development\pitbula\flowManager\tests\unit\tools\file\test_file_tool_platform_constraints.py:41: Symlinks not supported/allowed in this environment</skipped></testcase><testcase classname="tests.unit.tools.file.test_file_tool_platform_constraints" name="test_case_sensitivity_blocked_pattern" time="0.005" /><testcase classname="tests.unit.tools.file.test_file_tool_platform_constraints" name="test_case_sensitivity_conflict" time="0.007" /><testcase classname="tests.unit.tools.file.test_file_tool_platform_constraints" name="test_max_path_length_validation" time="0.005" /><testcase classname="tests.unit.tools.file.test_file_tool_resource_exhaustion" name="test_disk_full_write_file" time="0.008" /><testcase classname="tests.unit.tools.file.test_file_tool_resource_exhaustion" name="test_file_descriptor_exhaustion" time="0.006" /><testcase classname="tests.unit.tools.file.test_file_tool_resource_exhaustion" name="test_memory_exhaustion_read" time="0.007" /><testcase classname="tests.unit.tools.file.test_file_tool_search" name="test_search_file_single" time="0.006" /><testcase classname="tests.unit.tools.file.test_file_tool_search" name="test_search_file_directory_recursive" time="0.009" /><testcase classname="tests.unit.tools.file.test_file_tool_search" name="test_count_matches" time="0.006" /><testcase classname="tests.unit.tools.file.test_file_tool_search" name="test_search_invalid_regex" time="0.006" /><testcase classname="tests.unit.tools.file.test_file_tool_symlink" name="test_symlink_block_read" time="0.006"><skipped type="pytest.skip" message="Symlink creation failed">C:\development\pitbula\flowManager\tests\unit\tools\file\test_file_tool_symlink.py:39: Symlink creation failed</skipped></testcase><testcase classname="tests.unit.tools.file.test_file_tool_symlink" name="test_symlink_block_write" time="0.005"><skipped type="pytest.skip" message="Symlink creation failed">C:\development\pitbula\flowManager\tests\unit\tools\file\test_file_tool_symlink.py:56: Symlink creation failed</skipped></testcase><testcase classname="tests.unit.tools.knowledge.test_knowledge_tool" name="test_check_status_ready" time="0.001" /><testcase classname="tests.unit.tools.knowledge.test_knowledge_tool" name="test_search_knowledge_success" time="0.001" /><testcase classname="tests.unit.tools.knowledge.test_knowledge_tool" name="test_unknown_operation" time="0.001" /><testcase classname="tests.unit.tools.knowledge.test_knowledge_tool_ops" name="test_find_usage" time="0.001" /><testcase classname="tests.unit.tools.knowledge.test_knowledge_tool_ops" name="test_get_related_tests" time="0.001" /><testcase classname="tests.unit.tools.knowledge.test_knowledge_tool_ops" name="test_get_system_map" time="0.001" /><testcase classname="tests.unit.tools.knowledge.test_knowledge_tool_ops" name="test_get_task_context" time="0.001" /><testcase classname="tests.unit.tools.shell.test_shell_tool" name="test_install_dependencies_npm_ci_allow" time="0.003" /><testcase classname="tests.unit.tools.shell.test_shell_tool" name="test_install_dependencies_block_pip" time="0.001" /><testcase classname="tests.unit.tools.shell.test_shell_tool" name="test_git_checkout_new_branch" time="0.003" /><testcase classname="tests.unit.tools.shell.test_shell_tool" name="test_git_push_rbac_denial" time="0.001" /><testcase classname="tests.unit.tools.shell.test_shell_tool" name="test_git_push_rbac_allow" time="0.003" /><testcase classname="tests.unit.tools.shell.test_shell_tool" name="test_run_command_timeout" time="0.004" /><testcase classname="tests.unit.tools.shell.test_shell_tool_git" name="test_git_status" time="0.009" /><testcase classname="tests.unit.tools.shell.test_shell_tool_git" name="test_git_diff" time="0.011" /><testcase classname="tests.unit.tools.shell.test_shell_tool_git" name="test_git_add" time="0.036" /><testcase classname="tests.unit.tools.shell.test_shell_tool_git" name="test_git_commit" time="0.007" /><testcase classname="tests.unit.tools.shell.test_shell_tool_lifecycle" name="test_job_object_creation_on_windows" time="0.005" /><testcase classname="tests.unit.tools.shell.test_shell_tool_lifecycle" name="test_process_assignment_to_job" time="0.007" /><testcase classname="tests.unit.tools.shell.test_shell_tool_lifecycle" name="test_child_process_cleanup_on_exception" time="0.474" /><testcase classname="tests.unit.tools.shell.test_shell_tool_lifecycle" name="test_grandchild_fate_sharing_logic" time="0.010" /><testcase classname="tests.unit.tools.shell.test_shell_tool_lifecycle" name="test_sigkill_escalation_timeout" time="0.020" /><testcase classname="tests.unit.tools.shell.test_shell_tool_streaming" name="test_streaming_output_limit_exceeded" time="0.018" /><testcase classname="tests.unit.tools.shell.test_shell_tool_streaming" name="test_run_test_command_structure" time="0.119" /><testcase classname="tests.unit.tools.shell.test_shell_tool_streaming" name="test_run_lint_command_structure" time="0.121" /><testcase classname="tests.unit.tools.shell.test_shell_tool_streaming" name="test_output_capture_success" time="0.019" /><testcase classname="tests.unit.tools.system.test_system_tool" name="test_system_tool_access_denied_dev" time="0.003" /><testcase classname="tests.unit.tools.system.test_system_tool" name="test_install_package_success" time="0.004" /><testcase classname="tests.unit.tools.system.test_system_tool" name="test_system_ctl" time="0.003" /><testcase classname="tests.unit.tools.system.test_system_tool" name="test_system_tool_timeout" time="0.004" /><testcase classname="tests.unit.tools.system.test_system_tool_ops" name="test_verify_binary_success" time="0.003" /><testcase classname="tests.unit.tools.system.test_system_tool_ops" name="test_verify_binary_missing" time="0.003" /><testcase classname="tests.unit.tools.system.test_system_tool_ops" name="test_migrate_config" time="0.005" /></testsuite></testsuites>