<?xml version="1.0" encoding="utf-8"?><testsuites name="pytest tests"><testsuite name="pytest" errors="0" failures="0" skipped="6" tests="235" time="6.830" timestamp="2026-02-26T06:03:41.214560+01:00" hostname="LAPTOP-CHFG3UNS"><testcase classname="tests.unit.domain.test_domain_ops" name="test_t4_01_find_task" time="0.003" /><testcase classname="tests.unit.domain.test_domain_ops" name="test_t4_02_add_task_simple" time="0.001" /><testcase classname="tests.unit.domain.test_domain_ops" name="test_t4_03_update_task" time="0.001" /><testcase classname="tests.unit.domain.test_domain_ops" name="test_t4_04_update_guard" time="0.001" /><testcase classname="tests.unit.domain.test_domain_ops" name="test_t4_05_remove_task" time="0.001" /><testcase classname="tests.unit.domain.test_domain_ops" name="test_t4_06_add_sibling_start" time="0.001" /><testcase classname="tests.unit.domain.test_domain_ops" name="test_t4_08_add_subtask_mid" time="0.001" /><testcase classname="tests.unit.domain.test_domain_ops" name="test_t4_10_insert_between_specific" time="0.001" /><testcase classname="tests.unit.domain.test_domain_ops" name="test_t4_11_sibling_conflict" time="0.001" /><testcase classname="tests.unit.domain.test_domain_ops" name="test_t4_12_parent_conflict" time="0.001" /><testcase classname="tests.unit.domain.test_domain_ops" name="test_t4_13_active_injection_check" time="0.001" /><testcase classname="tests.unit.domain.test_domain_ops" name="test_t4_14_reopen_flow" time="0.001" /><testcase classname="tests.unit.domain.test_domain_ops" name="test_t4_15_id_invalidation" time="0.001" /><testcase classname="tests.unit.domain.test_domain_ops" name="test_t4_16_duplicate_name_prevention" time="0.001" /><testcase classname="tests.unit.domain.test_domain_ops" name="test_t4_06_add_sibling_default" time="0.001" /><testcase classname="tests.unit.domain.test_domain_ops" name="test_t4_09_find_active_op" time="0.001" /><testcase classname="tests.unit.domain.test_domain_ops" name="test_t4_18_cycle_detection" time="0.001" /><testcase classname="tests.unit.domain.test_domain_ops" name="test_t4_19_deep_state_check" time="0.001" /><testcase classname="tests.unit.domain.test_domain_policy" name="test_t5_01_activation_bubble" time="0.001" /><testcase classname="tests.unit.domain.test_domain_policy" name="test_t5_02_completion_bubble" time="0.001" /><testcase classname="tests.unit.domain.test_domain_policy" name="test_t5_03_deep_completion_bubble" time="0.001" /><testcase classname="tests.unit.domain.test_domain_policy" name="test_t5_04_deep_activation_bubble" time="0.001" /><testcase classname="tests.unit.domain.test_integrity" name="test_t1_13_tamper_detection" time="0.043" /><testcase classname="tests.unit.domain.test_integrity" name="test_t1_14_integrity_accept" time="0.049" /><testcase classname="tests.unit.domain.test_integrity" name="test_t1_15_integrity_decline" time="0.049" /><testcase classname="tests.unit.domain.test_parser_read" name="test_t1_01_standard_load" time="0.019" /><testcase classname="tests.unit.domain.test_parser_read" name="test_t1_02_fractal_link_parsed" time="0.017" /><testcase classname="tests.unit.domain.test_parser_read" name="test_t1_03_missing_file" time="0.003" /><testcase classname="tests.unit.domain.test_parser_read" name="test_t1_04_deep_nesting" time="0.022" /><testcase classname="tests.unit.domain.test_parser_read" name="test_t1_05_mixed_markers" time="0.015" /><testcase classname="tests.unit.domain.test_parser_read" name="test_t1_06_find_cursor" time="0.016" /><testcase classname="tests.unit.domain.test_parser_read" name="test_t1_07_quoted_path" time="0.020" /><testcase classname="tests.unit.domain.test_parser_read" name="test_t1_08_anchor_assumption" time="0.018" /><testcase classname="tests.unit.domain.test_parser_read" name="test_t1_09_duplicate_header" time="0.019" /><testcase classname="tests.unit.domain.test_parser_read" name="test_t1_10_empty_file" time="0.006" /><testcase classname="tests.unit.domain.test_parser_read" name="test_t1_11_smart_resume" time="0.020" /><testcase classname="tests.unit.domain.test_parser_read" name="test_t1_12_virtual_numbering" time="0.018" /><testcase classname="tests.unit.domain.test_parser_read" name="test_t2_01_indent_error_1sp" time="0.019" /><testcase classname="tests.unit.domain.test_parser_read" name="test_t2_02_indent_error_3sp" time="0.015" /><testcase classname="tests.unit.domain.test_parser_read" name="test_t2_03_indent_error_tab" time="0.015" /><testcase classname="tests.unit.domain.test_parser_read" name="test_t2_04_syntax_error" time="0.017" /><testcase classname="tests.unit.domain.test_parser_read" name="test_t2_05_unknown_marker" time="0.019" /><testcase classname="tests.unit.domain.test_parser_read" name="test_t2_06_logic_conflict" time="0.019" /><testcase classname="tests.unit.domain.test_parser_read" name="test_t2_07_referential_integrity" time="0.018" /><testcase classname="tests.unit.domain.test_parser_read" name="test_t2_08_sibling_conflict" time="0.019" /><testcase classname="tests.unit.domain.test_parser_read" name="test_t2_09_duplicate_name" time="0.019" /><testcase classname="tests.unit.domain.test_parser_read" name="test_t2_10_path_traversal" time="0.022" /><testcase classname="tests.unit.domain.test_parser_read" name="test_t2_11_keyword_ambiguity" time="0.018" /><testcase classname="tests.unit.domain.test_parser_read" name="test_t2_12_path_protocol_safety" time="0.033" /><testcase classname="tests.unit.domain.test_parser_robustness" name="test_repro_crash_on_comment" time="0.019" /><testcase classname="tests.unit.domain.test_parser_robustness" name="test_repro_crash_on_text_line" time="0.019" /><testcase classname="tests.unit.domain.test_persister_strict" name="test_t3_11b_strict_sibling_exclusivity" time="0.003" /><testcase classname="tests.unit.domain.test_persister_strict" name="test_t3_11c_child_active_parent_pending" time="0.003" /><testcase classname="tests.unit.domain.test_persister_write" name="test_t3_01_create_new" time="0.019" /><testcase classname="tests.unit.domain.test_persister_write" name="test_t3_02_sanitize_formatting" time="0.021" /><testcase classname="tests.unit.domain.test_persister_write" name="test_t3_05_comment_stripping" time="0.008" /><testcase classname="tests.unit.domain.test_persister_write" name="test_t3_12_backup_generation" time="0.030" /><testcase classname="tests.unit.domain.test_persister_write" name="test_t3_13_hash_update" time="0.019" /><testcase classname="tests.unit.domain.test_persister_write" name="test_t1_13_tamper_detection" time="0.009" /><testcase classname="tests.unit.domain.test_persister_write" name="test_t3_09_content_fidelity" time="0.032" /><testcase classname="tests.unit.domain.test_persister_write" name="test_t3_04_permission_denied" time="0.007" /><testcase classname="tests.unit.domain.test_persister_write" name="test_t3_03_unicode_safety" time="0.027" /><testcase classname="tests.unit.domain.test_persister_write" name="test_t3_06_line_endings" time="0.011" /><testcase classname="tests.unit.domain.test_persister_write" name="test_t3_07_keyword_preservation" time="0.022" /><testcase classname="tests.unit.domain.test_persister_write" name="test_t3_08_stability" time="0.013" /><testcase classname="tests.unit.domain.test_persister_write" name="test_t3_10_invalid_status" time="0.003" /><testcase classname="tests.unit.domain.test_persister_write" name="test_t3_11_logic_conflict_save" time="0.004" /><testcase classname="tests.unit.engine.test_config_loader" name="test_load_default_config" time="0.005" /><testcase classname="tests.unit.engine.test_config_loader" name="test_load_custom_config" time="0.026" /><testcase classname="tests.unit.engine.test_config_loader" name="test_load_invalid_json" time="0.016" /><testcase classname="tests.unit.engine.test_dispatch" name="test_t2_01_explicit_metadata_match" time="0.003" /><testcase classname="tests.unit.engine.test_dispatch" name="test_t2_02_registry_exact_match" time="0.004" /><testcase classname="tests.unit.engine.test_dispatch" name="test_t2_03_dispatch_failure_safe" time="0.004" /><testcase classname="tests.unit.engine.test_dispatch" name="test_t2_05_non_atom_class" time="0.003" /><testcase classname="tests.unit.engine.test_dispatch" name="test_t2_04_atom_init_side_effect" time="0.006" /><testcase classname="tests.unit.engine.test_dispatch" name="test_t2_10_invisible_char_dispatch" time="0.004" /><testcase classname="tests.unit.engine.test_dispatch" name="test_t2_07_metadata_false_context" time="0.003" /><testcase classname="tests.unit.engine.test_dispatch" name="test_t2_08_registry_case_sensitivity" time="0.004" /><testcase classname="tests.unit.engine.test_dispatch" name="test_t2_09_regex_redos_safety" time="0.004" /><testcase classname="tests.unit.engine.test_edge_cases" name="test_t7_01_stale_intent_lock" time="0.021" /><testcase classname="tests.unit.engine.test_edge_cases" name="test_t7_02_corrupt_state_file" time="0.021" /><testcase classname="tests.unit.engine.test_edge_cases" name="test_t7_03_empty_registry_file" time="0.006" /><testcase classname="tests.unit.engine.test_edge_cases" name="test_t7_04_max_path_length" time="0.004" /><testcase classname="tests.unit.engine.test_edge_cases" name="test_t7_05_high_concurrency_events" time="0.065" /><testcase classname="tests.unit.engine.test_edge_cases" name="test_t7_06_sigint_handling" time="0.004"><skipped type="pytest.skip" message="Signal handling difficult to test in unit test">C:\development\pitbula\flowManager\tests\unit\engine\test_edge_cases.py:82: Signal handling difficult to test in unit test</skipped></testcase><testcase classname="tests.unit.engine.test_edge_cases" name="test_t7_07_nested_resume" time="0.054" /><testcase classname="tests.unit.engine.test_edge_cases" name="test_t7_08_disk_full_panic_save" time="0.008" /><testcase classname="tests.unit.engine.test_edge_cases" name="test_t7_09_circular_dependency" time="0.038" /><testcase classname="tests.unit.engine.test_edge_cases" name="test_t7_11_registry_schema_invalid" time="0.018" /><testcase classname="tests.unit.engine.test_edge_cases" name="test_t7_14_save_state_double_fault" time="0.008" /><testcase classname="tests.unit.engine.test_edge_cases" name="test_t7_15_recursion_bomb" time="0.026" /><testcase classname="tests.unit.engine.test_edge_cases" name="test_t7_16_dual_engine_contention" time="0.003" /><testcase classname="tests.unit.engine.test_events" name="test_t5_01_payload_inline" time="0.003" /><testcase classname="tests.unit.engine.test_events" name="test_t5_02_payload_reference" time="0.031" /><testcase classname="tests.unit.engine.test_events" name="test_t5_03_jsonl_streaming" time="0.022" /><testcase classname="tests.unit.engine.test_events" name="test_t5_04_payload_boundary" time="0.005" /><testcase classname="tests.unit.engine.test_events" name="test_t5_05_blob_write_failure" time="0.005" /><testcase classname="tests.unit.engine.test_executor_redaction" name="test_executor_redaction" time="0.002" /><testcase classname="tests.unit.engine.test_hydration" name="test_t1_01_root_discovery_standard" time="0.005" /><testcase classname="tests.unit.engine.test_hydration" name="test_t1_02_root_missing_strict" time="0.004" /><testcase classname="tests.unit.engine.test_hydration" name="test_t1_03_path_resolution_safe" time="0.004" /><testcase classname="tests.unit.engine.test_hydration" name="test_t1_04_jailbreak_attempt_parent" time="0.006" /><testcase classname="tests.unit.engine.test_hydration" name="test_t1_05_jailbreak_attempt_symlink" time="0.005"><skipped type="pytest.skip" message="Symlinks not supported on this OS/Permission">C:\development\pitbula\flowManager\tests\unit\engine\test_hydration.py:63: Symlinks not supported on this OS/Permission</skipped></testcase><testcase classname="tests.unit.engine.test_hydration" name="test_t1_15_windows_device_paths" time="0.003" /><testcase classname="tests.unit.engine.test_hydration" name="test_t1_06_explicit_registry_loading" time="0.020" /><testcase classname="tests.unit.engine.test_hydration" name="test_t1_17_registry_validation_failure" time="0.021" /><testcase classname="tests.unit.engine.test_hydration" name="test_t1_07_unregistered_atom" time="0.007" /><testcase classname="tests.unit.engine.test_hydration" name="test_t1_09_root_is_file" time="0.007" /><testcase classname="tests.unit.engine.test_hydration" name="test_t1_12_null_byte_path" time="0.004" /><testcase classname="tests.unit.engine.test_hydration" name="test_t1_16_unc_path_injection" time="0.005" /><testcase classname="tests.unit.engine.test_hydration" name="test_t1_08_root_symlink_loop_real" time="0.006"><skipped type="pytest.skip" message="Symlinks not supported in this environment">C:\development\pitbula\flowManager\tests\unit\engine\test_hydration.py:162: Symlinks not supported in this environment</skipped></testcase><testcase classname="tests.unit.engine.test_hydration" name="test_t1_08_root_symlink_loop_simulated" time="0.005" /><testcase classname="tests.unit.engine.test_integration_persistence" name="test_integration_persistence_wiring" time="0.041" /><testcase classname="tests.unit.engine.test_integration_persistence" name="test_integration_atomic_rename_logic" time="0.005" /><testcase classname="tests.unit.engine.test_loom" name="test_t6_01_surgical_insert" time="0.037" /><testcase classname="tests.unit.engine.test_loom" name="test_t6_02_ambiguous_anchor" time="0.026" /><testcase classname="tests.unit.engine.test_loom" name="test_t6_03_loom_vs_writefile" time="0.006" /><testcase classname="tests.unit.engine.test_loom" name="test_t6_05_anchor_not_found" time="0.022" /><testcase classname="tests.unit.engine.test_loom" name="test_t6_04_loom_project_scope" time="0.039" /><testcase classname="tests.unit.engine.test_loom_advanced" name="test_t6_06_whitespace_mismatch" time="0.021" /><testcase classname="tests.unit.engine.test_loom_advanced" name="test_t6_07_loom_encoding_latin1" time="0.005" /><testcase classname="tests.unit.engine.test_loom_advanced" name="test_t6_08_regex_literal_safety" time="0.035" /><testcase classname="tests.unit.engine.test_loom_advanced" name="test_t6_09_loom_large_file_limit" time="0.055" /><testcase classname="tests.unit.engine.test_loom_advanced" name="test_t6_10_optimistic_locking" time="0.008" /><testcase classname="tests.unit.engine.test_loom_advanced" name="test_t6_11_eol_preservation" time="0.010" /><testcase classname="tests.unit.engine.test_loom_advanced" name="test_t6_12_encoding_mismatch_bom" time="0.046" /><testcase classname="tests.unit.engine.test_loom_advanced" name="test_t6_13_loom_whitespace_normalization" time="0.007" /><testcase classname="tests.unit.engine.test_loom_advanced" name="test_t6_14_case_insensitive_path_scope" time="0.007" /><testcase classname="tests.unit.engine.test_persistence" name="test_t4_01_atomic_write_rename" time="0.007" /><testcase classname="tests.unit.engine.test_persistence" name="test_t4_02_windows_lock_avoidance" time="0.010" /><testcase classname="tests.unit.engine.test_persistence" name="test_t4_04_av_file_lock_simulation" time="0.108" /><testcase classname="tests.unit.engine.test_redactor" name="test_redact_secrets" time="0.001" /><testcase classname="tests.unit.engine.test_redactor" name="test_redact_github_token" time="0.001" /><testcase classname="tests.unit.engine.test_redactor" name="test_redact_safe_text" time="0.001" /><testcase classname="tests.unit.engine.test_resilience" name="test_t3_01_smart_resume_pending" time="0.004" /><testcase classname="tests.unit.engine.test_resilience" name="test_t3_04_crash_handling" time="0.007" /><testcase classname="tests.unit.engine.test_resilience" name="test_t3_05_context_propagation" time="0.007" /><testcase classname="tests.unit.engine.test_resilience" name="test_t3_02_circuit_breaker" time="0.022" /><testcase classname="tests.unit.engine.test_resilience" name="test_t3_09_multiple_active_tasks" time="0.005" /><testcase classname="tests.unit.engine.test_resilience" name="test_t3_11_lock_stale_pid_steal" time="0.024" /><testcase classname="tests.unit.engine.test_resilience" name="test_t3_03_write_ahead_recovery" time="0.021" /><testcase classname="tests.unit.engine.test_resilience" name="test_t3_12_system_context_immutable" time="0.006" /><testcase classname="tests.unit.engine.test_resilience" name="test_t3_10_non_serializable_export" time="0.008" /><testcase classname="tests.unit.engine.test_tool_executor" name="test_execute_success" time="0.001" /><testcase classname="tests.unit.engine.test_tool_executor" name="test_execute_tool_error" time="0.001" /><testcase classname="tests.unit.engine.test_tool_executor" name="test_execute_crash_handling" time="0.002" /><testcase classname="tests.unit.engine.test_tool_executor" name="test_execute_unknown_tool" time="0.001" /><testcase classname="tests.unit.reliability.test_lifecycle" name="test_job_object_kills_child_on_close" time="0.009" /><testcase classname="tests.unit.reliability.test_lifecycle" name="test_job_object_lifecycle" time="0.085" /><testcase classname="tests.unit.security.test_io_safeguards" name="test_read_binary_file_fails" time="0.008" /><testcase classname="tests.unit.security.test_io_safeguards" name="test_read_large_file_fails" time="0.012" /><testcase classname="tests.unit.security.test_io_safeguards" name="test_read_utf8_valid" time="0.020" /><testcase classname="tests.unit.security.test_io_safeguards" name="test_recursive_expansion_dos" time="0.007" /><testcase classname="tests.unit.security.test_redactor" name="test_redact_environment_variable" time="0.002" /><testcase classname="tests.unit.security.test_redactor" name="test_redact_known_pattern" time="0.001" /><testcase classname="tests.unit.security.test_redactor" name="test_redact_high_entropy" time="0.001" /><testcase classname="tests.unit.security.test_redactor" name="test_allow_low_entropy" time="0.001" /><testcase classname="tests.unit.security.test_redactor" name="test_short_values_ignored" time="0.002" /><testcase classname="tests.unit.tools.base.test_base" name="test_tool_context_immutability" time="0.001" /><testcase classname="tests.unit.tools.base.test_base" name="test_tool_result_schema" time="0.001" /><testcase classname="tests.unit.tools.base.test_base" name="test_base_tool_implementation" time="0.001" /><testcase classname="tests.unit.tools.base.test_base" name="test_tool_validation_error" time="0.001" /><testcase classname="tests.unit.tools.file.loom.test_lock_manager" name="test_acquire_release" time="0.006" /><testcase classname="tests.unit.tools.file.loom.test_lock_manager" name="test_resource_busy" time="0.006" /><testcase classname="tests.unit.tools.file.loom.test_lock_manager" name="test_break_stale_lock" time="0.007" /><testcase classname="tests.unit.tools.file.loom.test_patch_applicator" name="test_replace_exact" time="0.001" /><testcase classname="tests.unit.tools.file.loom.test_patch_applicator" name="test_delete_text" time="0.001" /><testcase classname="tests.unit.tools.file.loom.test_patch_applicator" name="test_append_after" time="0.001" /><testcase classname="tests.unit.tools.file.loom.test_patch_applicator" name="test_prepend_before" time="0.001" /><testcase classname="tests.unit.tools.file.loom.test_patch_applicator" name="test_count_mismatch_error" time="0.001" /><testcase classname="tests.unit.tools.file.loom.test_patch_applicator" name="test_idempotency_success" time="0.002" /><testcase classname="tests.unit.tools.file.loom.test_patch_applicator" name="test_not_found_error" time="0.002" /><testcase classname="tests.unit.tools.file.test_file_tool" name="test_read_file_success" time="0.020" /><testcase classname="tests.unit.tools.file.test_file_tool" name="test_read_file_path_traversal" time="0.005" /><testcase classname="tests.unit.tools.file.test_file_tool" name="test_write_file_atomic" time="0.021" /><testcase classname="tests.unit.tools.file.test_file_tool" name="test_write_file_blocked_pattern" time="0.005" /><testcase classname="tests.unit.tools.file.test_file_tool" name="test_list_files" time="0.008" /><testcase classname="tests.unit.tools.file.test_file_tool" name="test_read_ads_blocked_windows" time="0.006" /><testcase classname="tests.unit.tools.file.test_file_tool_loom" name="test_edit_file_replace_exact" time="0.037" /><testcase classname="tests.unit.tools.file.test_file_tool_loom" name="test_edit_file_count_mismatch" time="0.018" /><testcase classname="tests.unit.tools.file.test_file_tool_loom" name="test_edit_file_idempotency" time="0.020" /><testcase classname="tests.unit.tools.file.test_file_tool_loom_regex_and_locking" name="test_edit_file_regex" time="0.037" /><testcase classname="tests.unit.tools.file.test_file_tool_loom_regex_and_locking" name="test_lock_manager_pid_check" time="0.009" /><testcase classname="tests.unit.tools.file.test_file_tool_loom_regex_and_locking" name="test_lock_manager_pid_alive_contention" time="0.007" /><testcase classname="tests.unit.tools.file.test_file_tool_ops" name="test_create_directory_success" time="0.007" /><testcase classname="tests.unit.tools.file.test_file_tool_ops" name="test_create_directory_existing" time="0.006" /><testcase classname="tests.unit.tools.file.test_file_tool_ops" name="test_delete_file_success" time="0.005" /><testcase classname="tests.unit.tools.file.test_file_tool_ops" name="test_delete_file_not_found" time="0.005" /><testcase classname="tests.unit.tools.file.test_file_tool_ops" name="test_delete_file_is_directory_error" time="0.007" /><testcase classname="tests.unit.tools.file.test_file_tool_platform_constraints" name="test_recursive_symlink_loop_protection" time="0.006"><skipped type="pytest.skip" message="Symlinks not supported/allowed in this environment">C:\development\pitbula\flowManager\tests\unit\tools\file\test_file_tool_platform_constraints.py:43: Symlinks not supported/allowed in this environment</skipped></testcase><testcase classname="tests.unit.tools.file.test_file_tool_platform_constraints" name="test_case_sensitivity_blocked_pattern" time="0.006" /><testcase classname="tests.unit.tools.file.test_file_tool_platform_constraints" name="test_case_sensitivity_conflict" time="0.015" /><testcase classname="tests.unit.tools.file.test_file_tool_platform_constraints" name="test_max_path_length_validation" time="0.005" /><testcase classname="tests.unit.tools.file.test_file_tool_resource_exhaustion" name="test_disk_full_write_file" time="0.021" /><testcase classname="tests.unit.tools.file.test_file_tool_resource_exhaustion" name="test_file_descriptor_exhaustion" time="0.008" /><testcase classname="tests.unit.tools.file.test_file_tool_resource_exhaustion" name="test_memory_exhaustion_read" time="0.006" /><testcase classname="tests.unit.tools.file.test_file_tool_search" name="test_search_file_single" time="0.021" /><testcase classname="tests.unit.tools.file.test_file_tool_search" name="test_search_file_directory_recursive" time="0.035" /><testcase classname="tests.unit.tools.file.test_file_tool_search" name="test_count_matches" time="0.016" /><testcase classname="tests.unit.tools.file.test_file_tool_search" name="test_search_invalid_regex" time="0.005" /><testcase classname="tests.unit.tools.file.test_file_tool_symlink" name="test_symlink_block_read" time="0.006"><skipped type="pytest.skip" message="Symlink creation failed">C:\development\pitbula\flowManager\tests\unit\tools\file\test_file_tool_symlink.py:40: Symlink creation failed</skipped></testcase><testcase classname="tests.unit.tools.file.test_file_tool_symlink" name="test_symlink_block_write" time="0.006"><skipped type="pytest.skip" message="Symlink creation failed">C:\development\pitbula\flowManager\tests\unit\tools\file\test_file_tool_symlink.py:57: Symlink creation failed</skipped></testcase><testcase classname="tests.unit.tools.knowledge.test_knowledge_tool" name="test_check_status_ready" time="0.002" /><testcase classname="tests.unit.tools.knowledge.test_knowledge_tool" name="test_search_knowledge_success" time="0.001" /><testcase classname="tests.unit.tools.knowledge.test_knowledge_tool" name="test_unknown_operation" time="0.001" /><testcase classname="tests.unit.tools.knowledge.test_knowledge_tool_ops" name="test_find_usage" time="0.001" /><testcase classname="tests.unit.tools.knowledge.test_knowledge_tool_ops" name="test_get_related_tests" time="0.001" /><testcase classname="tests.unit.tools.knowledge.test_knowledge_tool_ops" name="test_get_system_map" time="0.001" /><testcase classname="tests.unit.tools.knowledge.test_knowledge_tool_ops" name="test_get_task_context" time="0.001" /><testcase classname="tests.unit.tools.shell.test_shell_tool" name="test_install_dependencies_npm_ci_allow" time="0.003" /><testcase classname="tests.unit.tools.shell.test_shell_tool" name="test_install_dependencies_block_pip" time="0.001" /><testcase classname="tests.unit.tools.shell.test_shell_tool" name="test_git_checkout_new_branch" time="0.003" /><testcase classname="tests.unit.tools.shell.test_shell_tool" name="test_git_push_rbac_denial" time="0.001" /><testcase classname="tests.unit.tools.shell.test_shell_tool" name="test_git_push_rbac_allow" time="0.004" /><testcase classname="tests.unit.tools.shell.test_shell_tool" name="test_run_command_timeout" time="0.005" /><testcase classname="tests.unit.tools.shell.test_shell_tool_git" name="test_git_status" time="0.009" /><testcase classname="tests.unit.tools.shell.test_shell_tool_git" name="test_git_diff" time="0.012" /><testcase classname="tests.unit.tools.shell.test_shell_tool_git" name="test_git_add" time="0.011" /><testcase classname="tests.unit.tools.shell.test_shell_tool_git" name="test_git_commit" time="0.008" /><testcase classname="tests.unit.tools.shell.test_shell_tool_lifecycle" name="test_job_object_creation_on_windows" time="0.006" /><testcase classname="tests.unit.tools.shell.test_shell_tool_lifecycle" name="test_process_assignment_to_job" time="0.009" /><testcase classname="tests.unit.tools.shell.test_shell_tool_lifecycle" name="test_child_process_cleanup_on_exception" time="0.449" /><testcase classname="tests.unit.tools.shell.test_shell_tool_lifecycle" name="test_grandchild_fate_sharing_logic" time="1.509" /><testcase classname="tests.unit.tools.shell.test_shell_tool_lifecycle" name="test_sigkill_escalation_timeout" time="1.094" /><testcase classname="tests.unit.tools.shell.test_shell_tool_streaming" name="test_streaming_output_limit_exceeded" time="0.014" /><testcase classname="tests.unit.tools.shell.test_shell_tool_streaming" name="test_run_test_command_structure" time="0.115" /><testcase classname="tests.unit.tools.shell.test_shell_tool_streaming" name="test_run_lint_command_structure" time="0.117" /><testcase classname="tests.unit.tools.shell.test_shell_tool_streaming" name="test_output_capture_success" time="0.013" /><testcase classname="tests.unit.tools.system.test_system_tool" name="test_system_tool_access_denied_dev" time="0.003" /><testcase classname="tests.unit.tools.system.test_system_tool" name="test_install_package_success" time="0.007" /><testcase classname="tests.unit.tools.system.test_system_tool" name="test_system_ctl" time="0.005" /><testcase classname="tests.unit.tools.system.test_system_tool" name="test_system_tool_timeout" time="0.004" /><testcase classname="tests.unit.tools.system.test_system_tool_ops" name="test_verify_binary_success" time="0.004" /><testcase classname="tests.unit.tools.system.test_system_tool_ops" name="test_verify_binary_missing" time="0.004" /><testcase classname="tests.unit.tools.system.test_system_tool_ops" name="test_migrate_config" time="0.005" /></testsuite></testsuites>